{"C:\\Users\\menXX\\OneDrive\\Escritorio\\ProyectoWorkoutCece\\workoutceceapp-coach-web\\src\\assets\\logo.jpeg": {"path":"C:\\Users\\menXX\\OneDrive\\Escritorio\\ProyectoWorkoutCece\\workoutceceapp-coach-web\\src\\assets\\logo.jpeg","statementMap":{},"fnMap":{},"branchMap":{},"s":{},"f":{},"b":{},"meta":{"lastBranch":0,"lastFunction":0,"lastStatement":0,"seen":{},"fnNames":{}}}
,"C:\\Users\\menXX\\OneDrive\\Escritorio\\ProyectoWorkoutCece\\workoutceceapp-coach-web\\src\\components\\AtletaStyles.css": {"path":"C:\\Users\\menXX\\OneDrive\\Escritorio\\ProyectoWorkoutCece\\workoutceceapp-coach-web\\src\\components\\AtletaStyles.css","statementMap":{},"fnMap":{},"branchMap":{},"s":{},"f":{},"b":{},"meta":{"lastBranch":0,"lastFunction":0,"lastStatement":0,"seen":{},"fnNames":{}}}
,"C:\\Users\\menXX\\OneDrive\\Escritorio\\ProyectoWorkoutCece\\workoutceceapp-coach-web\\src\\components\\CoachStyles.css": {"path":"C:\\Users\\menXX\\OneDrive\\Escritorio\\ProyectoWorkoutCece\\workoutceceapp-coach-web\\src\\components\\CoachStyles.css","statementMap":{},"fnMap":{},"branchMap":{},"s":{},"f":{},"b":{},"meta":{"lastBranch":0,"lastFunction":0,"lastStatement":0,"seen":{},"fnNames":{}}}
,"C:\\Users\\menXX\\OneDrive\\Escritorio\\ProyectoWorkoutCece\\workoutceceapp-coach-web\\src\\components\\PlanificadorRutina.jsx": {"path":"C:\\Users\\menXX\\OneDrive\\Escritorio\\ProyectoWorkoutCece\\workoutceceapp-coach-web\\src\\components\\PlanificadorRutina.jsx","statementMap":{"0":{"start":{"line":4,"column":6},"end":{"line":85,"column":null}},"1":{"start":{"line":5,"column":19},"end":{"line":5,"column":null}},"2":{"start":{"line":6,"column":19},"end":{"line":6,"column":null}},"3":{"start":{"line":7,"column":29},"end":{"line":7,"column":null}},"4":{"start":{"line":7,"column":52},"end":{"line":7,"column":94}},"5":{"start":{"line":8,"column":10},"end":{"line":10,"column":null}},"6":{"start":{"line":9,"column":8},"end":{"line":9,"column":null}},"7":{"start":{"line":12,"column":32},"end":{"line":17,"column":null}},"8":{"start":{"line":13,"column":8},"end":{"line":13,"column":null}},"9":{"start":{"line":13,"column":21},"end":{"line":13,"column":null}},"10":{"start":{"line":14,"column":33},"end":{"line":14,"column":null}},"11":{"start":{"line":15,"column":32},"end":{"line":15,"column":null}},"12":{"start":{"line":16,"column":8},"end":{"line":16,"column":null}},"13":{"start":{"line":16,"column":49},"end":{"line":16,"column":82}},"14":{"start":{"line":19,"column":4},"end":{"line":83,"column":null}},"15":{"start":{"line":24,"column":37},"end":{"line":24,"column":55}},"16":{"start":{"line":24,"column":55},"end":{"line":24,"column":70}},"17":{"start":{"line":29,"column":31},"end":{"line":29,"column":null}},"18":{"start":{"line":54,"column":41},"end":{"line":54,"column":null}},"19":{"start":{"line":62,"column":24},"end":{"line":74,"column":null}},"20":{"start":{"line":65,"column":32},"end":{"line":65,"column":null}},"21":{"start":{"line":66,"column":32},"end":{"line":66,"column":null}},"22":{"start":{"line":67,"column":32},"end":{"line":67,"column":null}},"23":{"start":{"line":70,"column":49},"end":{"line":70,"column":null}},"24":{"start":{"line":71,"column":49},"end":{"line":71,"column":null}},"25":{"start":{"line":87,"column":6},"end":{"line":417,"column":null}},"26":{"start":{"line":88,"column":25},"end":{"line":88,"column":null}},"27":{"start":{"line":89,"column":20},"end":{"line":91,"column":null}},"28":{"start":{"line":93,"column":4},"end":{"line":95,"column":null}},"29":{"start":{"line":94,"column":8},"end":{"line":94,"column":null}},"30":{"start":{"line":94,"column":42},"end":{"line":94,"column":67}},"31":{"start":{"line":97,"column":4},"end":{"line":155,"column":null}},"32":{"start":{"line":98,"column":32},"end":{"line":152,"column":null}},"33":{"start":{"line":99,"column":12},"end":{"line":151,"column":null}},"34":{"start":{"line":100,"column":34},"end":{"line":100,"column":null}},"35":{"start":{"line":102,"column":22},"end":{"line":130,"column":null}},"36":{"start":{"line":103,"column":33},"end":{"line":103,"column":null}},"37":{"start":{"line":105,"column":20},"end":{"line":117,"column":null}},"38":{"start":{"line":106,"column":24},"end":{"line":116,"column":null}},"39":{"start":{"line":107,"column":40},"end":{"line":107,"column":null}},"40":{"start":{"line":108,"column":43},"end":{"line":108,"column":null}},"41":{"start":{"line":109,"column":28},"end":{"line":113,"column":null}},"42":{"start":{"line":110,"column":32},"end":{"line":110,"column":null}},"43":{"start":{"line":110,"column":72},"end":{"line":110,"column":117}},"44":{"start":{"line":111,"column":35},"end":{"line":113,"column":null}},"45":{"start":{"line":112,"column":32},"end":{"line":112,"column":null}},"46":{"start":{"line":115,"column":28},"end":{"line":115,"column":null}},"47":{"start":{"line":119,"column":46},"end":{"line":119,"column":null}},"48":{"start":{"line":120,"column":20},"end":{"line":122,"column":null}},"49":{"start":{"line":121,"column":24},"end":{"line":121,"column":null}},"50":{"start":{"line":124,"column":20},"end":{"line":129,"column":null}},"51":{"start":{"line":132,"column":43},"end":{"line":132,"column":null}},"52":{"start":{"line":134,"column":16},"end":{"line":139,"column":null}},"53":{"start":{"line":135,"column":20},"end":{"line":137,"column":null}},"54":{"start":{"line":136,"column":24},"end":{"line":136,"column":null}},"55":{"start":{"line":138,"column":20},"end":{"line":138,"column":null}},"56":{"start":{"line":141,"column":40},"end":{"line":141,"column":null}},"57":{"start":{"line":143,"column":16},"end":{"line":148,"column":null}},"58":{"start":{"line":150,"column":16},"end":{"line":150,"column":null}},"59":{"start":{"line":154,"column":8},"end":{"line":154,"column":null}},"60":{"start":{"line":157,"column":10},"end":{"line":163,"column":null}},"61":{"start":{"line":158,"column":25},"end":{"line":158,"column":null}},"62":{"start":{"line":159,"column":8},"end":{"line":162,"column":null}},"63":{"start":{"line":165,"column":10},"end":{"line":168,"column":null}},"64":{"start":{"line":166,"column":26},"end":{"line":166,"column":null}},"65":{"start":{"line":166,"column":62},"end":{"line":166,"column":90}},"66":{"start":{"line":167,"column":8},"end":{"line":167,"column":null}},"67":{"start":{"line":170,"column":10},"end":{"line":178,"column":null}},"68":{"start":{"line":171,"column":26},"end":{"line":171,"column":null}},"69":{"start":{"line":172,"column":8},"end":{"line":176,"column":null}},"70":{"start":{"line":177,"column":8},"end":{"line":177,"column":null}},"71":{"start":{"line":180,"column":10},"end":{"line":184,"column":null}},"72":{"start":{"line":181,"column":26},"end":{"line":181,"column":null}},"73":{"start":{"line":182,"column":8},"end":{"line":182,"column":null}},"74":{"start":{"line":182,"column":93},"end":{"line":182,"column":116}},"75":{"start":{"line":183,"column":8},"end":{"line":183,"column":null}},"76":{"start":{"line":186,"column":33},"end":{"line":213,"column":null}},"77":{"start":{"line":187,"column":26},"end":{"line":187,"column":null}},"78":{"start":{"line":188,"column":19},"end":{"line":188,"column":null}},"79":{"start":{"line":189,"column":8},"end":{"line":189,"column":null}},"80":{"start":{"line":191,"column":8},"end":{"line":211,"column":null}},"81":{"start":{"line":192,"column":12},"end":{"line":207,"column":null}},"82":{"start":{"line":193,"column":28},"end":{"line":193,"column":null}},"83":{"start":{"line":194,"column":31},"end":{"line":194,"column":null}},"84":{"start":{"line":195,"column":31},"end":{"line":195,"column":null}},"85":{"start":{"line":197,"column":16},"end":{"line":201,"column":null}},"86":{"start":{"line":198,"column":20},"end":{"line":198,"column":null}},"87":{"start":{"line":198,"column":62},"end":{"line":198,"column":107}},"88":{"start":{"line":199,"column":23},"end":{"line":201,"column":null}},"89":{"start":{"line":200,"column":20},"end":{"line":200,"column":null}},"90":{"start":{"line":203,"column":16},"end":{"line":203,"column":null}},"91":{"start":{"line":204,"column":16},"end":{"line":206,"column":null}},"92":{"start":{"line":205,"column":20},"end":{"line":205,"column":null}},"93":{"start":{"line":207,"column":28},"end":{"line":207,"column":44}},"94":{"start":{"line":209,"column":12},"end":{"line":209,"column":null}},"95":{"start":{"line":210,"column":12},"end":{"line":210,"column":null}},"96":{"start":{"line":212,"column":8},"end":{"line":212,"column":null}},"97":{"start":{"line":215,"column":10},"end":{"line":223,"column":null}},"98":{"start":{"line":216,"column":26},"end":{"line":216,"column":null}},"99":{"start":{"line":217,"column":19},"end":{"line":217,"column":null}},"100":{"start":{"line":218,"column":8},"end":{"line":218,"column":null}},"101":{"start":{"line":219,"column":8},"end":{"line":221,"column":null}},"102":{"start":{"line":220,"column":12},"end":{"line":220,"column":null}},"103":{"start":{"line":222,"column":8},"end":{"line":222,"column":null}},"104":{"start":{"line":225,"column":23},"end":{"line":280,"column":null}},"105":{"start":{"line":226,"column":8},"end":{"line":226,"column":null}},"106":{"start":{"line":226,"column":27},"end":{"line":226,"column":null}},"107":{"start":{"line":227,"column":8},"end":{"line":279,"column":null}},"108":{"start":{"line":228,"column":18},"end":{"line":231,"column":null}},"109":{"start":{"line":229,"column":16},"end":{"line":229,"column":null}},"110":{"start":{"line":229,"column":69},"end":{"line":229,"column":null}},"111":{"start":{"line":230,"column":16},"end":{"line":230,"column":null}},"112":{"start":{"line":233,"column":34},"end":{"line":244,"column":null}},"113":{"start":{"line":234,"column":16},"end":{"line":243,"column":null}},"114":{"start":{"line":234,"column":63},"end":{"line":243,"column":18}},"115":{"start":{"line":246,"column":28},"end":{"line":251,"column":null}},"116":{"start":{"line":253,"column":12},"end":{"line":275,"column":null}},"117":{"start":{"line":254,"column":16},"end":{"line":260,"column":null}},"118":{"start":{"line":255,"column":20},"end":{"line":255,"column":null}},"119":{"start":{"line":256,"column":20},"end":{"line":256,"column":null}},"120":{"start":{"line":258,"column":20},"end":{"line":258,"column":null}},"121":{"start":{"line":259,"column":20},"end":{"line":259,"column":null}},"122":{"start":{"line":261,"column":16},"end":{"line":261,"column":null}},"123":{"start":{"line":261,"column":35},"end":{"line":261,"column":null}},"124":{"start":{"line":263,"column":16},"end":{"line":263,"column":null}},"125":{"start":{"line":263,"column":43},"end":{"line":263,"column":null}},"126":{"start":{"line":265,"column":16},"end":{"line":274,"column":null}},"127":{"start":{"line":266,"column":20},"end":{"line":266,"column":null}},"128":{"start":{"line":267,"column":20},"end":{"line":267,"column":null}},"129":{"start":{"line":268,"column":20},"end":{"line":268,"column":null}},"130":{"start":{"line":268,"column":39},"end":{"line":268,"column":null}},"131":{"start":{"line":270,"column":20},"end":{"line":270,"column":null}},"132":{"start":{"line":271,"column":20},"end":{"line":271,"column":null}},"133":{"start":{"line":272,"column":20},"end":{"line":272,"column":null}},"134":{"start":{"line":273,"column":20},"end":{"line":273,"column":null}},"135":{"start":{"line":273,"column":39},"end":{"line":273,"column":null}},"136":{"start":{"line":277,"column":12},"end":{"line":277,"column":null}},"137":{"start":{"line":278,"column":12},"end":{"line":278,"column":null}},"138":{"start":{"line":282,"column":4},"end":{"line":415,"column":null}},"139":{"start":{"line":288,"column":60},"end":{"line":288,"column":108}},"140":{"start":{"line":294,"column":110},"end":{"line":294,"column":167}},"141":{"start":{"line":300,"column":16},"end":{"line":396,"column":null}},"142":{"start":{"line":304,"column":50},"end":{"line":304,"column":null}},"143":{"start":{"line":305,"column":32},"end":{"line":305,"column":null}},"144":{"start":{"line":306,"column":32},"end":{"line":306,"column":null}},"145":{"start":{"line":309,"column":47},"end":{"line":309,"column":72}},"146":{"start":{"line":333,"column":36},"end":{"line":387,"column":null}},"147":{"start":{"line":338,"column":67},"end":{"line":338,"column":null}},"148":{"start":{"line":344,"column":204},"end":{"line":344,"column":264}},"149":{"start":{"line":348,"column":70},"end":{"line":348,"column":null}},"150":{"start":{"line":349,"column":52},"end":{"line":349,"column":null}},"151":{"start":{"line":350,"column":52},"end":{"line":350,"column":null}},"152":{"start":{"line":354,"column":70},"end":{"line":354,"column":null}},"153":{"start":{"line":355,"column":52},"end":{"line":355,"column":null}},"154":{"start":{"line":356,"column":52},"end":{"line":356,"column":null}},"155":{"start":{"line":360,"column":70},"end":{"line":360,"column":null}},"156":{"start":{"line":361,"column":52},"end":{"line":361,"column":null}},"157":{"start":{"line":362,"column":52},"end":{"line":362,"column":null}},"158":{"start":{"line":366,"column":70},"end":{"line":366,"column":null}},"159":{"start":{"line":367,"column":52},"end":{"line":367,"column":null}},"160":{"start":{"line":368,"column":52},"end":{"line":368,"column":null}},"161":{"start":{"line":372,"column":70},"end":{"line":372,"column":null}},"162":{"start":{"line":373,"column":52},"end":{"line":373,"column":null}},"163":{"start":{"line":374,"column":52},"end":{"line":374,"column":null}},"164":{"start":{"line":378,"column":70},"end":{"line":378,"column":null}},"165":{"start":{"line":379,"column":52},"end":{"line":379,"column":null}},"166":{"start":{"line":380,"column":52},"end":{"line":380,"column":null}},"167":{"start":{"line":383,"column":67},"end":{"line":383,"column":113}},"168":{"start":{"line":393,"column":43},"end":{"line":393,"column":75}},"169":{"start":{"line":405,"column":47},"end":{"line":405,"column":65}},"170":{"start":{"line":409,"column":47},"end":{"line":409,"column":66}}},"fnMap":{"0":{"name":"(anonymous_0)","decl":{"start":{"line":4,"column":6},"end":{"line":4,"column":28}},"loc":{"start":{"line":4,"column":66},"end":{"line":85,"column":null}},"line":4},"1":{"name":"(anonymous_1)","decl":{"start":{"line":7,"column":42},"end":{"line":7,"column":47}},"loc":{"start":{"line":7,"column":52},"end":{"line":7,"column":94}},"line":7},"2":{"name":"(anonymous_2)","decl":{"start":{"line":8,"column":10},"end":{"line":8,"column":24}},"loc":{"start":{"line":8,"column":34},"end":{"line":10,"column":null}},"line":8},"3":{"name":"(anonymous_3)","decl":{"start":{"line":12,"column":45},"end":{"line":12,"column":52}},"loc":{"start":{"line":12,"column":58},"end":{"line":17,"column":5}},"line":12},"4":{"name":"(anonymous_4)","decl":{"start":{"line":16,"column":32},"end":{"line":16,"column":38}},"loc":{"start":{"line":16,"column":49},"end":{"line":16,"column":82}},"line":16},"5":{"name":"(anonymous_5)","decl":{"start":{"line":24,"column":20},"end":{"line":24,"column":35}},"loc":{"start":{"line":24,"column":35},"end":{"line":24,"column":null}},"line":24},"6":{"name":"(anonymous_6)","decl":{"start":{"line":29,"column":16},"end":{"line":29,"column":31}},"loc":{"start":{"line":29,"column":31},"end":{"line":29,"column":null}},"line":29},"7":{"name":"(anonymous_7)","decl":{"start":{"line":54,"column":24},"end":{"line":54,"column":35}},"loc":{"start":{"line":54,"column":41},"end":{"line":54,"column":null}},"line":54},"8":{"name":"(anonymous_8)","decl":{"start":{"line":61,"column":41},"end":{"line":61,"column":45}},"loc":{"start":{"line":62,"column":24},"end":{"line":74,"column":null}},"line":62},"9":{"name":"(anonymous_9)","decl":{"start":{"line":64,"column":28},"end":{"line":64,"column":43}},"loc":{"start":{"line":64,"column":43},"end":{"line":68,"column":null}},"line":64},"10":{"name":"(anonymous_10)","decl":{"start":{"line":70,"column":28},"end":{"line":70,"column":43}},"loc":{"start":{"line":70,"column":49},"end":{"line":70,"column":null}},"line":70},"11":{"name":"(anonymous_11)","decl":{"start":{"line":71,"column":28},"end":{"line":71,"column":43}},"loc":{"start":{"line":71,"column":49},"end":{"line":71,"column":null}},"line":71},"12":{"name":"(anonymous_12)","decl":{"start":{"line":87,"column":6},"end":{"line":87,"column":28}},"loc":{"start":{"line":87,"column":108},"end":{"line":417,"column":null}},"line":87},"13":{"name":"(anonymous_13)","decl":{"start":{"line":93,"column":4},"end":{"line":93,"column":20}},"loc":{"start":{"line":93,"column":20},"end":{"line":95,"column":7}},"line":93},"14":{"name":"(anonymous_14)","decl":{"start":{"line":94,"column":30},"end":{"line":94,"column":35}},"loc":{"start":{"line":94,"column":42},"end":{"line":94,"column":67}},"line":94},"15":{"name":"(anonymous_15)","decl":{"start":{"line":97,"column":4},"end":{"line":97,"column":20}},"loc":{"start":{"line":97,"column":20},"end":{"line":155,"column":7}},"line":97},"16":{"name":"(anonymous_16)","decl":{"start":{"line":98,"column":32},"end":{"line":98,"column":44}},"loc":{"start":{"line":98,"column":44},"end":{"line":152,"column":null}},"line":98},"17":{"name":"(anonymous_17)","decl":{"start":{"line":102,"column":89},"end":{"line":102,"column":96}},"loc":{"start":{"line":102,"column":103},"end":{"line":130,"column":17}},"line":102},"18":{"name":"(anonymous_18)","decl":{"start":{"line":110,"column":60},"end":{"line":110,"column":64}},"loc":{"start":{"line":110,"column":72},"end":{"line":110,"column":117}},"line":110},"19":{"name":"(anonymous_19)","decl":{"start":{"line":134,"column":35},"end":{"line":134,"column":43}},"loc":{"start":{"line":134,"column":49},"end":{"line":139,"column":17}},"line":134},"20":{"name":"(anonymous_20)","decl":{"start":{"line":157,"column":10},"end":{"line":157,"column":27}},"loc":{"start":{"line":157,"column":27},"end":{"line":163,"column":null}},"line":157},"21":{"name":"(anonymous_21)","decl":{"start":{"line":165,"column":10},"end":{"line":165,"column":25}},"loc":{"start":{"line":165,"column":48},"end":{"line":168,"column":null}},"line":165},"22":{"name":"(anonymous_22)","decl":{"start":{"line":166,"column":41},"end":{"line":166,"column":49}},"loc":{"start":{"line":166,"column":62},"end":{"line":166,"column":90}},"line":166},"23":{"name":"(anonymous_23)","decl":{"start":{"line":170,"column":10},"end":{"line":170,"column":32}},"loc":{"start":{"line":170,"column":47},"end":{"line":178,"column":null}},"line":170},"24":{"name":"(anonymous_24)","decl":{"start":{"line":180,"column":10},"end":{"line":180,"column":37}},"loc":{"start":{"line":180,"column":69},"end":{"line":184,"column":null}},"line":180},"25":{"name":"(anonymous_25)","decl":{"start":{"line":182,"column":74},"end":{"line":182,"column":82}},"loc":{"start":{"line":182,"column":93},"end":{"line":182,"column":116}},"line":182},"26":{"name":"(anonymous_26)","decl":{"start":{"line":186,"column":33},"end":{"line":186,"column":40}},"loc":{"start":{"line":186,"column":76},"end":{"line":213,"column":null}},"line":186},"27":{"name":"(anonymous_27)","decl":{"start":{"line":198,"column":50},"end":{"line":198,"column":54}},"loc":{"start":{"line":198,"column":62},"end":{"line":198,"column":107}},"line":198},"28":{"name":"(anonymous_28)","decl":{"start":{"line":215,"column":10},"end":{"line":215,"column":35}},"loc":{"start":{"line":215,"column":71},"end":{"line":223,"column":null}},"line":215},"29":{"name":"(anonymous_29)","decl":{"start":{"line":225,"column":23},"end":{"line":225,"column":30}},"loc":{"start":{"line":225,"column":53},"end":{"line":280,"column":null}},"line":225},"30":{"name":"(anonymous_30)","decl":{"start":{"line":228,"column":18},"end":{"line":228,"column":33}},"loc":{"start":{"line":228,"column":57},"end":{"line":231,"column":null}},"line":228},"31":{"name":"(anonymous_31)","decl":{"start":{"line":233,"column":49},"end":{"line":233,"column":57}},"loc":{"start":{"line":234,"column":16},"end":{"line":243,"column":null}},"line":234},"32":{"name":"(anonymous_32)","decl":{"start":{"line":234,"column":32},"end":{"line":234,"column":37}},"loc":{"start":{"line":234,"column":63},"end":{"line":243,"column":18}},"line":234},"33":{"name":"(anonymous_33)","decl":{"start":{"line":288,"column":45},"end":{"line":288,"column":55}},"loc":{"start":{"line":288,"column":60},"end":{"line":288,"column":108}},"line":288},"34":{"name":"(anonymous_34)","decl":{"start":{"line":294,"column":95},"end":{"line":294,"column":105}},"loc":{"start":{"line":294,"column":110},"end":{"line":294,"column":167}},"line":294},"35":{"name":"(anonymous_35)","decl":{"start":{"line":299,"column":28},"end":{"line":299,"column":33}},"loc":{"start":{"line":300,"column":16},"end":{"line":396,"column":null}},"line":300},"36":{"name":"(anonymous_36)","decl":{"start":{"line":303,"column":28},"end":{"line":303,"column":38}},"loc":{"start":{"line":303,"column":43},"end":{"line":307,"column":null}},"line":303},"37":{"name":"(anonymous_37)","decl":{"start":{"line":309,"column":32},"end":{"line":309,"column":47}},"loc":{"start":{"line":309,"column":47},"end":{"line":309,"column":72}},"line":309},"38":{"name":"(anonymous_38)","decl":{"start":{"line":332,"column":49},"end":{"line":332,"column":54}},"loc":{"start":{"line":333,"column":36},"end":{"line":387,"column":null}},"line":333},"39":{"name":"(anonymous_39)","decl":{"start":{"line":338,"column":48},"end":{"line":338,"column":59}},"loc":{"start":{"line":338,"column":67},"end":{"line":338,"column":null}},"line":338},"40":{"name":"(anonymous_40)","decl":{"start":{"line":344,"column":189},"end":{"line":344,"column":199}},"loc":{"start":{"line":344,"column":204},"end":{"line":344,"column":264}},"line":344},"41":{"name":"(anonymous_41)","decl":{"start":{"line":347,"column":48},"end":{"line":347,"column":58}},"loc":{"start":{"line":347,"column":63},"end":{"line":351,"column":51}},"line":347},"42":{"name":"(anonymous_42)","decl":{"start":{"line":353,"column":48},"end":{"line":353,"column":58}},"loc":{"start":{"line":353,"column":63},"end":{"line":357,"column":51}},"line":353},"43":{"name":"(anonymous_43)","decl":{"start":{"line":359,"column":48},"end":{"line":359,"column":58}},"loc":{"start":{"line":359,"column":63},"end":{"line":363,"column":51}},"line":359},"44":{"name":"(anonymous_44)","decl":{"start":{"line":365,"column":48},"end":{"line":365,"column":58}},"loc":{"start":{"line":365,"column":63},"end":{"line":369,"column":51}},"line":365},"45":{"name":"(anonymous_45)","decl":{"start":{"line":371,"column":48},"end":{"line":371,"column":58}},"loc":{"start":{"line":371,"column":63},"end":{"line":375,"column":51}},"line":371},"46":{"name":"(anonymous_46)","decl":{"start":{"line":377,"column":48},"end":{"line":377,"column":58}},"loc":{"start":{"line":377,"column":63},"end":{"line":381,"column":51}},"line":377},"47":{"name":"(anonymous_47)","decl":{"start":{"line":383,"column":52},"end":{"line":383,"column":67}},"loc":{"start":{"line":383,"column":67},"end":{"line":383,"column":113}},"line":383},"48":{"name":"(anonymous_48)","decl":{"start":{"line":393,"column":28},"end":{"line":393,"column":43}},"loc":{"start":{"line":393,"column":43},"end":{"line":393,"column":75}},"line":393},"49":{"name":"(anonymous_49)","decl":{"start":{"line":405,"column":32},"end":{"line":405,"column":47}},"loc":{"start":{"line":405,"column":47},"end":{"line":405,"column":65}},"line":405},"50":{"name":"(anonymous_50)","decl":{"start":{"line":409,"column":32},"end":{"line":409,"column":47}},"loc":{"start":{"line":409,"column":47},"end":{"line":409,"column":66}},"line":409}},"branchMap":{"0":{"loc":{"start":{"line":7,"column":52},"end":{"line":7,"column":94}},"type":"binary-expr","locations":[{"start":{"line":7,"column":52},"end":{"line":7,"column":80}},{"start":{"line":7,"column":80},"end":{"line":7,"column":94}}],"line":7},"1":{"loc":{"start":{"line":9,"column":15},"end":{"line":9,"column":null}},"type":"cond-expr","locations":[{"start":{"line":9,"column":23},"end":{"line":9,"column":94}},{"start":{"line":9,"column":94},"end":{"line":9,"column":null}}],"line":9},"2":{"loc":{"start":{"line":13,"column":8},"end":{"line":13,"column":null}},"type":"if","locations":[{"start":{"line":13,"column":8},"end":{"line":13,"column":null}},{"start":{},"end":{}}],"line":13},"3":{"loc":{"start":{"line":15,"column":43},"end":{"line":15,"column":56}},"type":"binary-expr","locations":[{"start":{"line":15,"column":43},"end":{"line":15,"column":54}},{"start":{"line":15,"column":54},"end":{"line":15,"column":56}}],"line":15},"4":{"loc":{"start":{"line":21,"column":13},"end":{"line":25,"column":null}},"type":"binary-expr","locations":[{"start":{"line":21,"column":13},"end":{"line":21,"column":null}},{"start":{"line":22,"column":16},"end":{"line":25,"column":null}}],"line":21},"5":{"loc":{"start":{"line":36,"column":38},"end":{"line":36,"column":80}},"type":"cond-expr","locations":[{"start":{"line":36,"column":57},"end":{"line":36,"column":69}},{"start":{"line":36,"column":69},"end":{"line":36,"column":80}}],"line":36},"6":{"loc":{"start":{"line":37,"column":21},"end":{"line":37,"column":null}},"type":"cond-expr","locations":[{"start":{"line":37,"column":40},"end":{"line":37,"column":64}},{"start":{"line":37,"column":64},"end":{"line":37,"column":null}}],"line":37},"7":{"loc":{"start":{"line":42,"column":13},"end":{"line":81,"column":null}},"type":"binary-expr","locations":[{"start":{"line":42,"column":13},"end":{"line":42,"column":null}},{"start":{"line":43,"column":16},"end":{"line":81,"column":null}}],"line":42},"8":{"loc":{"start":{"line":76,"column":21},"end":{"line":79,"column":null}},"type":"binary-expr","locations":[{"start":{"line":76,"column":21},"end":{"line":76,"column":null}},{"start":{"line":77,"column":24},"end":{"line":79,"column":null}}],"line":76},"9":{"loc":{"start":{"line":87,"column":40},"end":{"line":87,"column":64}},"type":"default-arg","locations":[{"start":{"line":87,"column":57},"end":{"line":87,"column":64}}],"line":87},"10":{"loc":{"start":{"line":87,"column":64},"end":{"line":87,"column":88}},"type":"default-arg","locations":[{"start":{"line":87,"column":82},"end":{"line":87,"column":88}}],"line":87},"11":{"loc":{"start":{"line":99,"column":12},"end":{"line":151,"column":null}},"type":"if","locations":[{"start":{"line":99,"column":12},"end":{"line":151,"column":null}},{"start":{"line":149,"column":19},"end":{"line":151,"column":null}}],"line":99},"12":{"loc":{"start":{"line":102,"column":52},"end":{"line":102,"column":85}},"type":"binary-expr","locations":[{"start":{"line":102,"column":52},"end":{"line":102,"column":81}},{"start":{"line":102,"column":81},"end":{"line":102,"column":85}}],"line":102},"13":{"loc":{"start":{"line":105,"column":20},"end":{"line":117,"column":null}},"type":"if","locations":[{"start":{"line":105,"column":20},"end":{"line":117,"column":null}},{"start":{},"end":{}}],"line":105},"14":{"loc":{"start":{"line":105,"column":24},"end":{"line":105,"column":53}},"type":"binary-expr","locations":[{"start":{"line":105,"column":24},"end":{"line":105,"column":36}},{"start":{"line":105,"column":36},"end":{"line":105,"column":53}}],"line":105},"15":{"loc":{"start":{"line":109,"column":28},"end":{"line":113,"column":null}},"type":"if","locations":[{"start":{"line":109,"column":28},"end":{"line":113,"column":null}},{"start":{"line":111,"column":35},"end":{"line":113,"column":null}}],"line":109},"16":{"loc":{"start":{"line":109,"column":32},"end":{"line":109,"column":76}},"type":"binary-expr","locations":[{"start":{"line":109,"column":32},"end":{"line":109,"column":57}},{"start":{"line":109,"column":57},"end":{"line":109,"column":76}}],"line":109},"17":{"loc":{"start":{"line":110,"column":72},"end":{"line":110,"column":117}},"type":"binary-expr","locations":[{"start":{"line":110,"column":72},"end":{"line":110,"column":92}},{"start":{"line":110,"column":92},"end":{"line":110,"column":116}},{"start":{"line":110,"column":116},"end":{"line":110,"column":117}}],"line":110},"18":{"loc":{"start":{"line":111,"column":35},"end":{"line":113,"column":null}},"type":"if","locations":[{"start":{"line":111,"column":35},"end":{"line":113,"column":null}},{"start":{},"end":{}}],"line":111},"19":{"loc":{"start":{"line":111,"column":39},"end":{"line":111,"column":73}},"type":"binary-expr","locations":[{"start":{"line":111,"column":39},"end":{"line":111,"column":49}},{"start":{"line":111,"column":49},"end":{"line":111,"column":73}}],"line":111},"20":{"loc":{"start":{"line":120,"column":20},"end":{"line":122,"column":null}},"type":"if","locations":[{"start":{"line":120,"column":20},"end":{"line":122,"column":null}},{"start":{},"end":{}}],"line":120},"21":{"loc":{"start":{"line":120,"column":24},"end":{"line":120,"column":62}},"type":"binary-expr","locations":[{"start":{"line":120,"column":24},"end":{"line":120,"column":50}},{"start":{"line":120,"column":50},"end":{"line":120,"column":62}}],"line":120},"22":{"loc":{"start":{"line":126,"column":40},"end":{"line":126,"column":62}},"type":"binary-expr","locations":[{"start":{"line":126,"column":40},"end":{"line":126,"column":59}},{"start":{"line":126,"column":59},"end":{"line":126,"column":62}}],"line":126},"23":{"loc":{"start":{"line":127,"column":33},"end":{"line":127,"column":null}},"type":"binary-expr","locations":[{"start":{"line":127,"column":33},"end":{"line":127,"column":43}},{"start":{"line":127,"column":43},"end":{"line":127,"column":null}}],"line":127},"24":{"loc":{"start":{"line":135,"column":20},"end":{"line":137,"column":null}},"type":"if","locations":[{"start":{"line":135,"column":20},"end":{"line":137,"column":null}},{"start":{},"end":{}}],"line":135},"25":{"loc":{"start":{"line":146,"column":35},"end":{"line":146,"column":null}},"type":"binary-expr","locations":[{"start":{"line":146,"column":35},"end":{"line":146,"column":68}},{"start":{"line":146,"column":68},"end":{"line":146,"column":null}}],"line":146},"26":{"loc":{"start":{"line":147,"column":28},"end":{"line":147,"column":null}},"type":"cond-expr","locations":[{"start":{"line":147,"column":57},"end":{"line":147,"column":75}},{"start":{"line":147,"column":75},"end":{"line":147,"column":null}}],"line":147},"27":{"loc":{"start":{"line":191,"column":8},"end":{"line":211,"column":null}},"type":"if","locations":[{"start":{"line":191,"column":8},"end":{"line":211,"column":null}},{"start":{"line":208,"column":15},"end":{"line":211,"column":null}}],"line":191},"28":{"loc":{"start":{"line":191,"column":12},"end":{"line":191,"column":36}},"type":"binary-expr","locations":[{"start":{"line":191,"column":12},"end":{"line":191,"column":26}},{"start":{"line":191,"column":26},"end":{"line":191,"column":36}}],"line":191},"29":{"loc":{"start":{"line":197,"column":16},"end":{"line":201,"column":null}},"type":"if","locations":[{"start":{"line":197,"column":16},"end":{"line":201,"column":null}},{"start":{"line":199,"column":23},"end":{"line":201,"column":null}}],"line":197},"30":{"loc":{"start":{"line":197,"column":20},"end":{"line":197,"column":64}},"type":"binary-expr","locations":[{"start":{"line":197,"column":20},"end":{"line":197,"column":45}},{"start":{"line":197,"column":45},"end":{"line":197,"column":64}}],"line":197},"31":{"loc":{"start":{"line":198,"column":62},"end":{"line":198,"column":107}},"type":"binary-expr","locations":[{"start":{"line":198,"column":62},"end":{"line":198,"column":82}},{"start":{"line":198,"column":82},"end":{"line":198,"column":106}},{"start":{"line":198,"column":106},"end":{"line":198,"column":107}}],"line":198},"32":{"loc":{"start":{"line":199,"column":23},"end":{"line":201,"column":null}},"type":"if","locations":[{"start":{"line":199,"column":23},"end":{"line":201,"column":null}},{"start":{},"end":{}}],"line":199},"33":{"loc":{"start":{"line":199,"column":27},"end":{"line":199,"column":61}},"type":"binary-expr","locations":[{"start":{"line":199,"column":27},"end":{"line":199,"column":37}},{"start":{"line":199,"column":37},"end":{"line":199,"column":61}}],"line":199},"34":{"loc":{"start":{"line":204,"column":16},"end":{"line":206,"column":null}},"type":"if","locations":[{"start":{"line":204,"column":16},"end":{"line":206,"column":null}},{"start":{},"end":{}}],"line":204},"35":{"loc":{"start":{"line":204,"column":20},"end":{"line":204,"column":60}},"type":"binary-expr","locations":[{"start":{"line":204,"column":20},"end":{"line":204,"column":46}},{"start":{"line":204,"column":46},"end":{"line":204,"column":60}}],"line":204},"36":{"loc":{"start":{"line":219,"column":8},"end":{"line":221,"column":null}},"type":"if","locations":[{"start":{"line":219,"column":8},"end":{"line":221,"column":null}},{"start":{},"end":{}}],"line":219},"37":{"loc":{"start":{"line":219,"column":12},"end":{"line":219,"column":42}},"type":"binary-expr","locations":[{"start":{"line":219,"column":12},"end":{"line":219,"column":26}},{"start":{"line":219,"column":26},"end":{"line":219,"column":42}}],"line":219},"38":{"loc":{"start":{"line":225,"column":30},"end":{"line":225,"column":53}},"type":"default-arg","locations":[{"start":{"line":225,"column":43},"end":{"line":225,"column":53}}],"line":225},"39":{"loc":{"start":{"line":226,"column":8},"end":{"line":226,"column":null}},"type":"if","locations":[{"start":{"line":226,"column":8},"end":{"line":226,"column":null}},{"start":{},"end":{}}],"line":226},"40":{"loc":{"start":{"line":228,"column":38},"end":{"line":228,"column":57}},"type":"default-arg","locations":[{"start":{"line":228,"column":48},"end":{"line":228,"column":57}}],"line":228},"41":{"loc":{"start":{"line":229,"column":16},"end":{"line":229,"column":null}},"type":"if","locations":[{"start":{"line":229,"column":16},"end":{"line":229,"column":null}},{"start":{},"end":{}}],"line":229},"42":{"loc":{"start":{"line":229,"column":20},"end":{"line":229,"column":69}},"type":"binary-expr","locations":[{"start":{"line":229,"column":20},"end":{"line":229,"column":34}},{"start":{"line":229,"column":34},"end":{"line":229,"column":50}},{"start":{"line":229,"column":50},"end":{"line":229,"column":69}}],"line":229},"43":{"loc":{"start":{"line":230,"column":23},"end":{"line":230,"column":null}},"type":"cond-expr","locations":[{"start":{"line":230,"column":33},"end":{"line":230,"column":51}},{"start":{"line":230,"column":51},"end":{"line":230,"column":null}}],"line":230},"44":{"loc":{"start":{"line":248,"column":31},"end":{"line":248,"column":null}},"type":"cond-expr","locations":[{"start":{"line":248,"column":44},"end":{"line":248,"column":51}},{"start":{"line":248,"column":51},"end":{"line":248,"column":null}}],"line":248},"45":{"loc":{"start":{"line":253,"column":12},"end":{"line":275,"column":null}},"type":"if","locations":[{"start":{"line":253,"column":12},"end":{"line":275,"column":null}},{"start":{"line":262,"column":19},"end":{"line":275,"column":null}}],"line":253},"46":{"loc":{"start":{"line":254,"column":16},"end":{"line":260,"column":null}},"type":"if","locations":[{"start":{"line":254,"column":16},"end":{"line":260,"column":null}},{"start":{"line":257,"column":23},"end":{"line":260,"column":null}}],"line":254},"47":{"loc":{"start":{"line":261,"column":16},"end":{"line":261,"column":null}},"type":"if","locations":[{"start":{"line":261,"column":16},"end":{"line":261,"column":null}},{"start":{},"end":{}}],"line":261},"48":{"loc":{"start":{"line":263,"column":16},"end":{"line":263,"column":null}},"type":"if","locations":[{"start":{"line":263,"column":16},"end":{"line":263,"column":null}},{"start":{},"end":{}}],"line":263},"49":{"loc":{"start":{"line":265,"column":16},"end":{"line":274,"column":null}},"type":"if","locations":[{"start":{"line":265,"column":16},"end":{"line":274,"column":null}},{"start":{"line":269,"column":23},"end":{"line":274,"column":null}}],"line":265},"50":{"loc":{"start":{"line":268,"column":20},"end":{"line":268,"column":null}},"type":"if","locations":[{"start":{"line":268,"column":20},"end":{"line":268,"column":null}},{"start":{},"end":{}}],"line":268},"51":{"loc":{"start":{"line":273,"column":20},"end":{"line":273,"column":null}},"type":"if","locations":[{"start":{"line":273,"column":20},"end":{"line":273,"column":null}},{"start":{},"end":{}}],"line":273},"52":{"loc":{"start":{"line":291,"column":17},"end":{"line":297,"column":null}},"type":"binary-expr","locations":[{"start":{"line":291,"column":17},"end":{"line":291,"column":null}},{"start":{"line":292,"column":20},"end":{"line":297,"column":null}}],"line":291},"53":{"loc":{"start":{"line":342,"column":86},"end":{"line":342,"column":135}},"type":"cond-expr","locations":[{"start":{"line":342,"column":103},"end":{"line":342,"column":124}},{"start":{"line":342,"column":124},"end":{"line":342,"column":135}}],"line":342},"54":{"loc":{"start":{"line":344,"column":88},"end":{"line":344,"column":118}},"type":"binary-expr","locations":[{"start":{"line":344,"column":88},"end":{"line":344,"column":114}},{"start":{"line":344,"column":114},"end":{"line":344,"column":118}}],"line":344},"55":{"loc":{"start":{"line":345,"column":98},"end":{"line":345,"column":121}},"type":"binary-expr","locations":[{"start":{"line":345,"column":98},"end":{"line":345,"column":117}},{"start":{"line":345,"column":117},"end":{"line":345,"column":121}}],"line":345},"56":{"loc":{"start":{"line":346,"column":89},"end":{"line":346,"column":120}},"type":"binary-expr","locations":[{"start":{"line":346,"column":89},"end":{"line":346,"column":116}},{"start":{"line":346,"column":116},"end":{"line":346,"column":120}}],"line":346},"57":{"loc":{"start":{"line":370,"column":88},"end":{"line":370,"column":107}},"type":"binary-expr","locations":[{"start":{"line":370,"column":88},"end":{"line":370,"column":103}},{"start":{"line":370,"column":103},"end":{"line":370,"column":107}}],"line":370},"58":{"loc":{"start":{"line":376,"column":92},"end":{"line":376,"column":108}},"type":"binary-expr","locations":[{"start":{"line":376,"column":92},"end":{"line":376,"column":104}},{"start":{"line":376,"column":104},"end":{"line":376,"column":108}}],"line":376},"59":{"loc":{"start":{"line":404,"column":21},"end":{"line":413,"column":null}},"type":"cond-expr","locations":[{"start":{"line":405,"column":24},"end":{"line":409,"column":25}},{"start":{"line":409,"column":24},"end":{"line":413,"column":null}}],"line":404},"60":{"loc":{"start":{"line":406,"column":29},"end":{"line":406,"column":null}},"type":"cond-expr","locations":[{"start":{"line":406,"column":42},"end":{"line":406,"column":70}},{"start":{"line":406,"column":70},"end":{"line":406,"column":null}}],"line":406},"61":{"loc":{"start":{"line":410,"column":29},"end":{"line":410,"column":null}},"type":"cond-expr","locations":[{"start":{"line":410,"column":42},"end":{"line":410,"column":74}},{"start":{"line":410,"column":74},"end":{"line":410,"column":null}}],"line":410}},"s":{"0":1,"1":10,"2":10,"3":10,"4":7,"5":10,"6":4,"7":10,"8":8,"9":6,"10":2,"11":2,"12":8,"13":2,"14":10,"15":0,"16":0,"17":1,"18":1,"19":1,"20":1,"21":1,"22":1,"23":0,"24":0,"25":1,"26":30,"27":30,"28":30,"29":8,"30":8,"31":30,"32":8,"33":8,"34":1,"35":1,"36":1,"37":1,"38":0,"39":0,"40":0,"41":0,"42":0,"43":0,"44":0,"45":0,"46":0,"47":1,"48":1,"49":0,"50":1,"51":1,"52":1,"53":1,"54":1,"55":1,"56":1,"57":1,"58":7,"59":8,"60":30,"61":1,"62":1,"63":30,"64":1,"65":2,"66":1,"67":30,"68":2,"69":2,"70":2,"71":30,"72":1,"73":1,"74":1,"75":1,"76":30,"77":1,"78":1,"79":1,"80":1,"81":1,"82":1,"83":1,"84":1,"85":1,"86":1,"87":1,"88":0,"89":0,"90":1,"91":1,"92":0,"93":0,"94":0,"95":0,"96":1,"97":30,"98":1,"99":1,"100":1,"101":1,"102":0,"103":1,"104":30,"105":4,"106":1,"107":3,"108":3,"109":6,"110":3,"111":3,"112":3,"113":3,"114":1,"115":3,"116":4,"117":1,"118":1,"119":1,"120":0,"121":0,"122":1,"123":0,"124":2,"125":1,"126":1,"127":0,"128":0,"129":0,"130":0,"131":1,"132":1,"133":1,"134":1,"135":1,"136":0,"137":0,"138":30,"139":2,"140":1,"141":31,"142":0,"143":0,"144":0,"145":1,"146":7,"147":1,"148":1,"149":0,"150":0,"151":0,"152":1,"153":1,"154":1,"155":0,"156":0,"157":0,"158":0,"159":0,"160":0,"161":0,"162":0,"163":0,"164":0,"165":0,"166":0,"167":1,"168":2,"169":1,"170":3},"f":{"0":10,"1":7,"2":4,"3":8,"4":2,"5":0,"6":1,"7":1,"8":1,"9":1,"10":0,"11":0,"12":30,"13":8,"14":8,"15":8,"16":8,"17":1,"18":0,"19":1,"20":1,"21":1,"22":2,"23":2,"24":1,"25":1,"26":1,"27":1,"28":1,"29":4,"30":6,"31":3,"32":1,"33":2,"34":1,"35":31,"36":0,"37":1,"38":7,"39":1,"40":1,"41":0,"42":1,"43":0,"44":0,"45":0,"46":0,"47":1,"48":2,"49":1,"50":3},"b":{"0":[7,5],"1":[4,0],"2":[6,2],"3":[2,0],"4":[10,3],"5":[2,8],"6":[2,8],"7":[10,3],"8":[3,2],"9":[30],"10":[30],"11":[1,7],"12":[1,0],"13":[0,1],"14":[1,0],"15":[0,0],"16":[0,0],"17":[0,0,0],"18":[0,0],"19":[0,0],"20":[0,1],"21":[1,1],"22":[1,0],"23":[1,1],"24":[1,0],"25":[1,1],"26":[1,0],"27":[1,0],"28":[1,1],"29":[1,0],"30":[1,1],"31":[1,1,0],"32":[0,0],"33":[0,0],"34":[0,1],"35":[1,0],"36":[0,1],"37":[1,0],"38":[4],"39":[1,3],"40":[6],"41":[3,3],"42":[6,6,6],"43":[1,2],"44":[1,2],"45":[1,2],"46":[1,0],"47":[0,1],"48":[1,1],"49":[0,1],"50":[0,0],"51":[1,0],"52":[30,28],"53":[1,6],"54":[7,4],"55":[7,7],"56":[7,7],"57":[7,1],"58":[7,7],"59":[2,28],"60":[1,1],"61":[0,28]},"meta":{"lastBranch":62,"lastFunction":51,"lastStatement":171,"seen":{"s:4:6:85:Infinity":0,"f:4:6:4:28":0,"s:5:19:5:Infinity":1,"s:6:19:6:Infinity":2,"s:7:29:7:Infinity":3,"f:7:42:7:47":1,"s:7:52:7:94":4,"b:7:52:7:80:7:80:7:94":0,"s:8:10:10:Infinity":5,"f:8:10:8:24":2,"s:9:8:9:Infinity":6,"b:9:23:9:94:9:94:9:Infinity":1,"s:12:32:17:Infinity":7,"f:12:45:12:52":3,"b:13:8:13:Infinity:undefined:undefined:undefined:undefined":2,"s:13:8:13:Infinity":8,"s:13:21:13:Infinity":9,"s:14:33:14:Infinity":10,"s:15:32:15:Infinity":11,"b:15:43:15:54:15:54:15:56":3,"s:16:8:16:Infinity":12,"f:16:32:16:38":4,"s:16:49:16:82":13,"s:19:4:83:Infinity":14,"b:21:13:21:Infinity:22:16:25:Infinity":4,"f:24:20:24:35":5,"s:24:37:24:55":15,"s:24:55:24:70":16,"f:29:16:29:31":6,"s:29:31:29:Infinity":17,"b:36:57:36:69:36:69:36:80":5,"b:37:40:37:64:37:64:37:Infinity":6,"b:42:13:42:Infinity:43:16:81:Infinity":7,"f:54:24:54:35":7,"s:54:41:54:Infinity":18,"f:61:41:61:45":8,"s:62:24:74:Infinity":19,"f:64:28:64:43":9,"s:65:32:65:Infinity":20,"s:66:32:66:Infinity":21,"s:67:32:67:Infinity":22,"f:70:28:70:43":10,"s:70:49:70:Infinity":23,"f:71:28:71:43":11,"s:71:49:71:Infinity":24,"b:76:21:76:Infinity:77:24:79:Infinity":8,"s:87:6:417:Infinity":25,"f:87:6:87:28":12,"b:87:57:87:64":9,"b:87:82:87:88":10,"s:88:25:88:Infinity":26,"s:89:20:91:Infinity":27,"s:93:4:95:Infinity":28,"f:93:4:93:20":13,"s:94:8:94:Infinity":29,"f:94:30:94:35":14,"s:94:42:94:67":30,"s:97:4:155:Infinity":31,"f:97:4:97:20":15,"s:98:32:152:Infinity":32,"f:98:32:98:44":16,"b:99:12:151:Infinity:149:19:151:Infinity":11,"s:99:12:151:Infinity":33,"s:100:34:100:Infinity":34,"s:102:22:130:Infinity":35,"b:102:52:102:81:102:81:102:85":12,"f:102:89:102:96":17,"s:103:33:103:Infinity":36,"b:105:20:117:Infinity:undefined:undefined:undefined:undefined":13,"s:105:20:117:Infinity":37,"b:105:24:105:36:105:36:105:53":14,"s:106:24:116:Infinity":38,"s:107:40:107:Infinity":39,"s:108:43:108:Infinity":40,"b:109:28:113:Infinity:111:35:113:Infinity":15,"s:109:28:113:Infinity":41,"b:109:32:109:57:109:57:109:76":16,"s:110:32:110:Infinity":42,"f:110:60:110:64":18,"s:110:72:110:117":43,"b:110:72:110:92:110:92:110:116:110:116:110:117":17,"b:111:35:113:Infinity:undefined:undefined:undefined:undefined":18,"s:111:35:113:Infinity":44,"b:111:39:111:49:111:49:111:73":19,"s:112:32:112:Infinity":45,"s:115:28:115:Infinity":46,"s:119:46:119:Infinity":47,"b:120:20:122:Infinity:undefined:undefined:undefined:undefined":20,"s:120:20:122:Infinity":48,"b:120:24:120:50:120:50:120:62":21,"s:121:24:121:Infinity":49,"s:124:20:129:Infinity":50,"b:126:40:126:59:126:59:126:62":22,"b:127:33:127:43:127:43:127:Infinity":23,"s:132:43:132:Infinity":51,"s:134:16:139:Infinity":52,"f:134:35:134:43":19,"b:135:20:137:Infinity:undefined:undefined:undefined:undefined":24,"s:135:20:137:Infinity":53,"s:136:24:136:Infinity":54,"s:138:20:138:Infinity":55,"s:141:40:141:Infinity":56,"s:143:16:148:Infinity":57,"b:146:35:146:68:146:68:146:Infinity":25,"b:147:57:147:75:147:75:147:Infinity":26,"s:150:16:150:Infinity":58,"s:154:8:154:Infinity":59,"s:157:10:163:Infinity":60,"f:157:10:157:27":20,"s:158:25:158:Infinity":61,"s:159:8:162:Infinity":62,"s:165:10:168:Infinity":63,"f:165:10:165:25":21,"s:166:26:166:Infinity":64,"f:166:41:166:49":22,"s:166:62:166:90":65,"s:167:8:167:Infinity":66,"s:170:10:178:Infinity":67,"f:170:10:170:32":23,"s:171:26:171:Infinity":68,"s:172:8:176:Infinity":69,"s:177:8:177:Infinity":70,"s:180:10:184:Infinity":71,"f:180:10:180:37":24,"s:181:26:181:Infinity":72,"s:182:8:182:Infinity":73,"f:182:74:182:82":25,"s:182:93:182:116":74,"s:183:8:183:Infinity":75,"s:186:33:213:Infinity":76,"f:186:33:186:40":26,"s:187:26:187:Infinity":77,"s:188:19:188:Infinity":78,"s:189:8:189:Infinity":79,"b:191:8:211:Infinity:208:15:211:Infinity":27,"s:191:8:211:Infinity":80,"b:191:12:191:26:191:26:191:36":28,"s:192:12:207:Infinity":81,"s:193:28:193:Infinity":82,"s:194:31:194:Infinity":83,"s:195:31:195:Infinity":84,"b:197:16:201:Infinity:199:23:201:Infinity":29,"s:197:16:201:Infinity":85,"b:197:20:197:45:197:45:197:64":30,"s:198:20:198:Infinity":86,"f:198:50:198:54":27,"s:198:62:198:107":87,"b:198:62:198:82:198:82:198:106:198:106:198:107":31,"b:199:23:201:Infinity:undefined:undefined:undefined:undefined":32,"s:199:23:201:Infinity":88,"b:199:27:199:37:199:37:199:61":33,"s:200:20:200:Infinity":89,"s:203:16:203:Infinity":90,"b:204:16:206:Infinity:undefined:undefined:undefined:undefined":34,"s:204:16:206:Infinity":91,"b:204:20:204:46:204:46:204:60":35,"s:205:20:205:Infinity":92,"s:207:28:207:44":93,"s:209:12:209:Infinity":94,"s:210:12:210:Infinity":95,"s:212:8:212:Infinity":96,"s:215:10:223:Infinity":97,"f:215:10:215:35":28,"s:216:26:216:Infinity":98,"s:217:19:217:Infinity":99,"s:218:8:218:Infinity":100,"b:219:8:221:Infinity:undefined:undefined:undefined:undefined":36,"s:219:8:221:Infinity":101,"b:219:12:219:26:219:26:219:42":37,"s:220:12:220:Infinity":102,"s:222:8:222:Infinity":103,"s:225:23:280:Infinity":104,"f:225:23:225:30":29,"b:225:43:225:53":38,"b:226:8:226:Infinity:undefined:undefined:undefined:undefined":39,"s:226:8:226:Infinity":105,"s:226:27:226:Infinity":106,"s:227:8:279:Infinity":107,"s:228:18:231:Infinity":108,"f:228:18:228:33":30,"b:228:48:228:57":40,"b:229:16:229:Infinity:undefined:undefined:undefined:undefined":41,"s:229:16:229:Infinity":109,"b:229:20:229:34:229:34:229:50:229:50:229:69":42,"s:229:69:229:Infinity":110,"s:230:16:230:Infinity":111,"b:230:33:230:51:230:51:230:Infinity":43,"s:233:34:244:Infinity":112,"f:233:49:233:57":31,"s:234:16:243:Infinity":113,"f:234:32:234:37":32,"s:234:63:243:18":114,"s:246:28:251:Infinity":115,"b:248:44:248:51:248:51:248:Infinity":44,"b:253:12:275:Infinity:262:19:275:Infinity":45,"s:253:12:275:Infinity":116,"b:254:16:260:Infinity:257:23:260:Infinity":46,"s:254:16:260:Infinity":117,"s:255:20:255:Infinity":118,"s:256:20:256:Infinity":119,"s:258:20:258:Infinity":120,"s:259:20:259:Infinity":121,"b:261:16:261:Infinity:undefined:undefined:undefined:undefined":47,"s:261:16:261:Infinity":122,"s:261:35:261:Infinity":123,"b:263:16:263:Infinity:undefined:undefined:undefined:undefined":48,"s:263:16:263:Infinity":124,"s:263:43:263:Infinity":125,"b:265:16:274:Infinity:269:23:274:Infinity":49,"s:265:16:274:Infinity":126,"s:266:20:266:Infinity":127,"s:267:20:267:Infinity":128,"b:268:20:268:Infinity:undefined:undefined:undefined:undefined":50,"s:268:20:268:Infinity":129,"s:268:39:268:Infinity":130,"s:270:20:270:Infinity":131,"s:271:20:271:Infinity":132,"s:272:20:272:Infinity":133,"b:273:20:273:Infinity:undefined:undefined:undefined:undefined":51,"s:273:20:273:Infinity":134,"s:273:39:273:Infinity":135,"s:277:12:277:Infinity":136,"s:278:12:278:Infinity":137,"s:282:4:415:Infinity":138,"f:288:45:288:55":33,"s:288:60:288:108":139,"b:291:17:291:Infinity:292:20:297:Infinity":52,"f:294:95:294:105":34,"s:294:110:294:167":140,"f:299:28:299:33":35,"s:300:16:396:Infinity":141,"f:303:28:303:38":36,"s:304:50:304:Infinity":142,"s:305:32:305:Infinity":143,"s:306:32:306:Infinity":144,"f:309:32:309:47":37,"s:309:47:309:72":145,"f:332:49:332:54":38,"s:333:36:387:Infinity":146,"f:338:48:338:59":39,"s:338:67:338:Infinity":147,"b:342:103:342:124:342:124:342:135":53,"b:344:88:344:114:344:114:344:118":54,"f:344:189:344:199":40,"s:344:204:344:264":148,"b:345:98:345:117:345:117:345:121":55,"b:346:89:346:116:346:116:346:120":56,"f:347:48:347:58":41,"s:348:70:348:Infinity":149,"s:349:52:349:Infinity":150,"s:350:52:350:Infinity":151,"f:353:48:353:58":42,"s:354:70:354:Infinity":152,"s:355:52:355:Infinity":153,"s:356:52:356:Infinity":154,"f:359:48:359:58":43,"s:360:70:360:Infinity":155,"s:361:52:361:Infinity":156,"s:362:52:362:Infinity":157,"f:365:48:365:58":44,"s:366:70:366:Infinity":158,"s:367:52:367:Infinity":159,"s:368:52:368:Infinity":160,"b:370:88:370:103:370:103:370:107":57,"f:371:48:371:58":45,"s:372:70:372:Infinity":161,"s:373:52:373:Infinity":162,"s:374:52:374:Infinity":163,"b:376:92:376:104:376:104:376:108":58,"f:377:48:377:58":46,"s:378:70:378:Infinity":164,"s:379:52:379:Infinity":165,"s:380:52:380:Infinity":166,"f:383:52:383:67":47,"s:383:67:383:113":167,"f:393:28:393:43":48,"s:393:43:393:75":168,"b:405:24:409:25:409:24:413:Infinity":59,"f:405:32:405:47":49,"s:405:47:405:65":169,"b:406:42:406:70:406:70:406:Infinity":60,"f:409:32:409:47":50,"s:409:47:409:66":170,"b:410:42:410:74:410:74:410:Infinity":61},"fnNames":{}}}
,"C:\\Users\\menXX\\OneDrive\\Escritorio\\ProyectoWorkoutCece\\workoutceceapp-coach-web\\src\\components\\ProtectedRoute.jsx": {"path":"C:\\Users\\menXX\\OneDrive\\Escritorio\\ProyectoWorkoutCece\\workoutceceapp-coach-web\\src\\components\\ProtectedRoute.jsx","statementMap":{"0":{"start":{"line":4,"column":6},"end":{"line":22,"column":null}},"1":{"start":{"line":5,"column":18},"end":{"line":5,"column":null}},"2":{"start":{"line":7,"column":4},"end":{"line":9,"column":null}},"3":{"start":{"line":8,"column":8},"end":{"line":8,"column":null}},"4":{"start":{"line":10,"column":4},"end":{"line":21,"column":null}},"5":{"start":{"line":11,"column":14},"end":{"line":11,"column":null}},"6":{"start":{"line":13,"column":8},"end":{"line":15,"column":null}},"7":{"start":{"line":14,"column":12},"end":{"line":14,"column":null}},"8":{"start":{"line":16,"column":8},"end":{"line":16,"column":null}},"9":{"start":{"line":18,"column":8},"end":{"line":18,"column":null}},"10":{"start":{"line":19,"column":8},"end":{"line":19,"column":null}},"11":{"start":{"line":20,"column":8},"end":{"line":20,"column":null}}},"fnMap":{"0":{"name":"(anonymous_0)","decl":{"start":{"line":4,"column":6},"end":{"line":4,"column":24}},"loc":{"start":{"line":4,"column":55},"end":{"line":22,"column":null}},"line":4}},"branchMap":{"0":{"loc":{"start":{"line":7,"column":4},"end":{"line":9,"column":null}},"type":"if","locations":[{"start":{"line":7,"column":4},"end":{"line":9,"column":null}},{"start":{},"end":{}}],"line":7},"1":{"loc":{"start":{"line":13,"column":8},"end":{"line":15,"column":null}},"type":"if","locations":[{"start":{"line":13,"column":8},"end":{"line":15,"column":null}},{"start":{},"end":{}}],"line":13},"2":{"loc":{"start":{"line":13,"column":12},"end":{"line":13,"column":66}},"type":"binary-expr","locations":[{"start":{"line":13,"column":12},"end":{"line":13,"column":28}},{"start":{"line":13,"column":28},"end":{"line":13,"column":66}}],"line":13}},"s":{"0":1,"1":4,"2":4,"3":1,"4":3,"5":3,"6":3,"7":1,"8":1,"9":1,"10":1,"11":1},"f":{"0":4},"b":{"0":[1,3],"1":[1,2],"2":[3,2]},"meta":{"lastBranch":3,"lastFunction":1,"lastStatement":12,"seen":{"s:4:6:22:Infinity":0,"f:4:6:4:24":0,"s:5:18:5:Infinity":1,"b:7:4:9:Infinity:undefined:undefined:undefined:undefined":0,"s:7:4:9:Infinity":2,"s:8:8:8:Infinity":3,"s:10:4:21:Infinity":4,"s:11:14:11:Infinity":5,"b:13:8:15:Infinity:undefined:undefined:undefined:undefined":1,"s:13:8:15:Infinity":6,"b:13:12:13:28:13:28:13:66":2,"s:14:12:14:Infinity":7,"s:16:8:16:Infinity":8,"s:18:8:18:Infinity":9,"s:19:8:19:Infinity":10,"s:20:8:20:Infinity":11},"fnNames":{}}}
,"C:\\Users\\menXX\\OneDrive\\Escritorio\\ProyectoWorkoutCece\\workoutceceapp-coach-web\\src\\pages\\AtletaInicio.jsx": {"path":"C:\\Users\\menXX\\OneDrive\\Escritorio\\ProyectoWorkoutCece\\workoutceceapp-coach-web\\src\\pages\\AtletaInicio.jsx","statementMap":{"0":{"start":{"line":9,"column":6},"end":{"line":14,"column":null}},"1":{"start":{"line":10,"column":17},"end":{"line":10,"column":null}},"2":{"start":{"line":11,"column":18},"end":{"line":11,"column":null}},"3":{"start":{"line":12,"column":16},"end":{"line":12,"column":null}},"4":{"start":{"line":13,"column":4},"end":{"line":13,"column":null}},"5":{"start":{"line":16,"column":6},"end":{"line":254,"column":null}},"6":{"start":{"line":17,"column":10},"end":{"line":17,"column":null}},"7":{"start":{"line":18,"column":24},"end":{"line":18,"column":null}},"8":{"start":{"line":20,"column":28},"end":{"line":20,"column":null}},"9":{"start":{"line":21,"column":28},"end":{"line":21,"column":null}},"10":{"start":{"line":22,"column":25},"end":{"line":22,"column":null}},"11":{"start":{"line":23,"column":20},"end":{"line":23,"column":null}},"12":{"start":{"line":25,"column":32},"end":{"line":25,"column":null}},"13":{"start":{"line":26,"column":29},"end":{"line":26,"column":null}},"14":{"start":{"line":27,"column":23},"end":{"line":27,"column":null}},"15":{"start":{"line":29,"column":10},"end":{"line":49,"column":null}},"16":{"start":{"line":30,"column":20},"end":{"line":30,"column":null}},"17":{"start":{"line":31,"column":26},"end":{"line":31,"column":null}},"18":{"start":{"line":32,"column":33},"end":{"line":32,"column":null}},"19":{"start":{"line":33,"column":22},"end":{"line":33,"column":null}},"20":{"start":{"line":34,"column":8},"end":{"line":34,"column":null}},"21":{"start":{"line":36,"column":21},"end":{"line":36,"column":null}},"22":{"start":{"line":37,"column":28},"end":{"line":37,"column":null}},"23":{"start":{"line":39,"column":8},"end":{"line":47,"column":null}},"24":{"start":{"line":39,"column":21},"end":{"line":39,"column":24}},"25":{"start":{"line":40,"column":22},"end":{"line":40,"column":null}},"26":{"start":{"line":41,"column":12},"end":{"line":41,"column":null}},"27":{"start":{"line":42,"column":12},"end":{"line":46,"column":null}},"28":{"start":{"line":48,"column":8},"end":{"line":48,"column":null}},"29":{"start":{"line":51,"column":4},"end":{"line":116,"column":null}},"30":{"start":{"line":52,"column":28},"end":{"line":111,"column":null}},"31":{"start":{"line":53,"column":12},"end":{"line":53,"column":null}},"32":{"start":{"line":54,"column":12},"end":{"line":110,"column":null}},"33":{"start":{"line":55,"column":30},"end":{"line":55,"column":null}},"34":{"start":{"line":56,"column":16},"end":{"line":56,"column":null}},"35":{"start":{"line":56,"column":28},"end":{"line":56,"column":null}},"36":{"start":{"line":58,"column":22},"end":{"line":58,"column":null}},"37":{"start":{"line":59,"column":33},"end":{"line":59,"column":null}},"38":{"start":{"line":61,"column":16},"end":{"line":105,"column":null}},"39":{"start":{"line":62,"column":37},"end":{"line":62,"column":null}},"40":{"start":{"line":64,"column":20},"end":{"line":104,"column":null}},"41":{"start":{"line":65,"column":48},"end":{"line":68,"column":null}},"42":{"start":{"line":65,"column":72},"end":{"line":68,"column":26}},"43":{"start":{"line":69,"column":24},"end":{"line":69,"column":null}},"44":{"start":{"line":71,"column":52},"end":{"line":71,"column":null}},"45":{"start":{"line":72,"column":24},"end":{"line":72,"column":null}},"46":{"start":{"line":74,"column":41},"end":{"line":74,"column":null}},"47":{"start":{"line":75,"column":43},"end":{"line":75,"column":null}},"48":{"start":{"line":77,"column":46},"end":{"line":77,"column":null}},"49":{"start":{"line":77,"column":74},"end":{"line":77,"column":132}},"50":{"start":{"line":79,"column":24},"end":{"line":82,"column":null}},"51":{"start":{"line":81,"column":71},"end":{"line":81,"column":113}},"52":{"start":{"line":84,"column":42},"end":{"line":92,"column":null}},"53":{"start":{"line":94,"column":24},"end":{"line":102,"column":null}},"54":{"start":{"line":95,"column":47},"end":{"line":95,"column":null}},"55":{"start":{"line":95,"column":67},"end":{"line":95,"column":91}},"56":{"start":{"line":96,"column":28},"end":{"line":101,"column":null}},"57":{"start":{"line":97,"column":32},"end":{"line":97,"column":null}},"58":{"start":{"line":98,"column":32},"end":{"line":100,"column":null}},"59":{"start":{"line":99,"column":36},"end":{"line":99,"column":null}},"60":{"start":{"line":103,"column":24},"end":{"line":103,"column":null}},"61":{"start":{"line":107,"column":16},"end":{"line":107,"column":null}},"62":{"start":{"line":109,"column":16},"end":{"line":109,"column":null}},"63":{"start":{"line":113,"column":8},"end":{"line":113,"column":null}},"64":{"start":{"line":114,"column":22},"end":{"line":114,"column":null}},"65":{"start":{"line":114,"column":40},"end":{"line":114,"column":68}},"66":{"start":{"line":115,"column":8},"end":{"line":115,"column":null}},"67":{"start":{"line":115,"column":21},"end":{"line":115,"column":null}},"68":{"start":{"line":118,"column":4},"end":{"line":136,"column":null}},"69":{"start":{"line":119,"column":8},"end":{"line":119,"column":null}},"70":{"start":{"line":119,"column":42},"end":{"line":119,"column":null}},"71":{"start":{"line":121,"column":33},"end":{"line":121,"column":null}},"72":{"start":{"line":121,"column":61},"end":{"line":121,"column":92}},"73":{"start":{"line":122,"column":23},"end":{"line":122,"column":null}},"74":{"start":{"line":124,"column":8},"end":{"line":135,"column":null}},"75":{"start":{"line":125,"column":12},"end":{"line":125,"column":null}},"76":{"start":{"line":126,"column":15},"end":{"line":135,"column":null}},"77":{"start":{"line":127,"column":31},"end":{"line":127,"column":null}},"78":{"start":{"line":127,"column":59},"end":{"line":127,"column":102}},"79":{"start":{"line":128,"column":12},"end":{"line":132,"column":null}},"80":{"start":{"line":129,"column":16},"end":{"line":129,"column":null}},"81":{"start":{"line":131,"column":16},"end":{"line":131,"column":null}},"82":{"start":{"line":134,"column":12},"end":{"line":134,"column":null}},"83":{"start":{"line":138,"column":26},"end":{"line":138,"column":null}},"84":{"start":{"line":139,"column":26},"end":{"line":139,"column":null}},"85":{"start":{"line":141,"column":23},"end":{"line":142,"column":null}},"86":{"start":{"line":143,"column":23},"end":{"line":143,"column":null}},"87":{"start":{"line":143,"column":61},"end":{"line":143,"column":70}},"88":{"start":{"line":145,"column":4},"end":{"line":252,"column":null}},"89":{"start":{"line":162,"column":37},"end":{"line":162,"column":null}},"90":{"start":{"line":163,"column":39},"end":{"line":163,"column":null}},"91":{"start":{"line":163,"column":65},"end":{"line":163,"column":95}},"92":{"start":{"line":164,"column":20},"end":{"line":169,"column":null}},"93":{"start":{"line":165,"column":114},"end":{"line":165,"column":null}},"94":{"start":{"line":183,"column":30},"end":{"line":183,"column":null}},"95":{"start":{"line":184,"column":45},"end":{"line":184,"column":null}},"96":{"start":{"line":186,"column":24},"end":{"line":209,"column":null}},"97":{"start":{"line":191,"column":36},"end":{"line":195,"column":null}},"98":{"start":{"line":192,"column":40},"end":{"line":192,"column":null}},"99":{"start":{"line":194,"column":40},"end":{"line":194,"column":null}},"100":{"start":{"line":235,"column":45},"end":{"line":235,"column":null}},"101":{"start":{"line":236,"column":24},"end":{"line":243,"column":null}}},"fnMap":{"0":{"name":"(anonymous_0)","decl":{"start":{"line":9,"column":6},"end":{"line":9,"column":21}},"loc":{"start":{"line":9,"column":33},"end":{"line":14,"column":null}},"line":9},"1":{"name":"(anonymous_1)","decl":{"start":{"line":16,"column":6},"end":{"line":16,"column":27}},"loc":{"start":{"line":16,"column":27},"end":{"line":254,"column":null}},"line":16},"2":{"name":"(anonymous_2)","decl":{"start":{"line":29,"column":10},"end":{"line":29,"column":38}},"loc":{"start":{"line":29,"column":38},"end":{"line":49,"column":null}},"line":29},"3":{"name":"(anonymous_3)","decl":{"start":{"line":51,"column":4},"end":{"line":51,"column":20}},"loc":{"start":{"line":51,"column":20},"end":{"line":116,"column":7}},"line":51},"4":{"name":"(anonymous_4)","decl":{"start":{"line":52,"column":28},"end":{"line":52,"column":40}},"loc":{"start":{"line":52,"column":40},"end":{"line":111,"column":null}},"line":52},"5":{"name":"(anonymous_5)","decl":{"start":{"line":65,"column":62},"end":{"line":65,"column":66}},"loc":{"start":{"line":65,"column":72},"end":{"line":68,"column":26}},"line":65},"6":{"name":"(anonymous_6)","decl":{"start":{"line":77,"column":62},"end":{"line":77,"column":69}},"loc":{"start":{"line":77,"column":74},"end":{"line":77,"column":132}},"line":77},"7":{"name":"(anonymous_7)","decl":{"start":{"line":81,"column":59},"end":{"line":81,"column":66}},"loc":{"start":{"line":81,"column":71},"end":{"line":81,"column":113}},"line":81},"8":{"name":"(anonymous_8)","decl":{"start":{"line":94,"column":38},"end":{"line":94,"column":46}},"loc":{"start":{"line":94,"column":51},"end":{"line":102,"column":25}},"line":94},"9":{"name":"(anonymous_9)","decl":{"start":{"line":95,"column":57},"end":{"line":95,"column":62}},"loc":{"start":{"line":95,"column":67},"end":{"line":95,"column":91}},"line":95},"10":{"name":"(anonymous_10)","decl":{"start":{"line":114,"column":22},"end":{"line":114,"column":40}},"loc":{"start":{"line":114,"column":40},"end":{"line":114,"column":68}},"line":114},"11":{"name":"(anonymous_11)","decl":{"start":{"line":115,"column":8},"end":{"line":115,"column":21}},"loc":{"start":{"line":115,"column":21},"end":{"line":115,"column":null}},"line":115},"12":{"name":"(anonymous_12)","decl":{"start":{"line":118,"column":4},"end":{"line":118,"column":20}},"loc":{"start":{"line":118,"column":20},"end":{"line":136,"column":7}},"line":118},"13":{"name":"(anonymous_13)","decl":{"start":{"line":121,"column":49},"end":{"line":121,"column":56}},"loc":{"start":{"line":121,"column":61},"end":{"line":121,"column":92}},"line":121},"14":{"name":"(anonymous_14)","decl":{"start":{"line":127,"column":47},"end":{"line":127,"column":54}},"loc":{"start":{"line":127,"column":59},"end":{"line":127,"column":102}},"line":127},"15":{"name":"(anonymous_15)","decl":{"start":{"line":143,"column":52},"end":{"line":143,"column":56}},"loc":{"start":{"line":143,"column":61},"end":{"line":143,"column":70}},"line":143},"16":{"name":"(anonymous_16)","decl":{"start":{"line":161,"column":28},"end":{"line":161,"column":33}},"loc":{"start":{"line":161,"column":46},"end":{"line":171,"column":17}},"line":161},"17":{"name":"(anonymous_17)","decl":{"start":{"line":163,"column":55},"end":{"line":163,"column":60}},"loc":{"start":{"line":163,"column":65},"end":{"line":163,"column":95}},"line":163},"18":{"name":"(anonymous_18)","decl":{"start":{"line":165,"column":99},"end":{"line":165,"column":114}},"loc":{"start":{"line":165,"column":114},"end":{"line":165,"column":null}},"line":165},"19":{"name":"(anonymous_19)","decl":{"start":{"line":182,"column":37},"end":{"line":182,"column":42}},"loc":{"start":{"line":182,"column":51},"end":{"line":211,"column":21}},"line":182},"20":{"name":"(anonymous_20)","decl":{"start":{"line":190,"column":32},"end":{"line":190,"column":47}},"loc":{"start":{"line":190,"column":47},"end":{"line":196,"column":null}},"line":190},"21":{"name":"(anonymous_21)","decl":{"start":{"line":234,"column":38},"end":{"line":234,"column":43}},"loc":{"start":{"line":234,"column":59},"end":{"line":245,"column":21}},"line":234}},"branchMap":{"0":{"loc":{"start":{"line":32,"column":33},"end":{"line":32,"column":null}},"type":"cond-expr","locations":[{"start":{"line":32,"column":51},"end":{"line":32,"column":56}},{"start":{"line":32,"column":56},"end":{"line":32,"column":null}}],"line":32},"1":{"loc":{"start":{"line":56,"column":16},"end":{"line":56,"column":null}},"type":"if","locations":[{"start":{"line":56,"column":16},"end":{"line":56,"column":null}},{"start":{},"end":{}}],"line":56},"2":{"loc":{"start":{"line":61,"column":16},"end":{"line":105,"column":null}},"type":"if","locations":[{"start":{"line":61,"column":16},"end":{"line":105,"column":null}},{"start":{},"end":{}}],"line":61},"3":{"loc":{"start":{"line":64,"column":20},"end":{"line":104,"column":null}},"type":"if","locations":[{"start":{"line":64,"column":20},"end":{"line":104,"column":null}},{"start":{},"end":{}}],"line":64},"4":{"loc":{"start":{"line":67,"column":42},"end":{"line":67,"column":null}},"type":"cond-expr","locations":[{"start":{"line":67,"column":60},"end":{"line":67,"column":99}},{"start":{"line":67,"column":99},"end":{"line":67,"column":null}}],"line":67},"5":{"loc":{"start":{"line":77,"column":74},"end":{"line":77,"column":132}},"type":"binary-expr","locations":[{"start":{"line":77,"column":74},"end":{"line":77,"column":104}},{"start":{"line":77,"column":104},"end":{"line":77,"column":132}}],"line":77},"6":{"loc":{"start":{"line":81,"column":71},"end":{"line":81,"column":113}},"type":"binary-expr","locations":[{"start":{"line":81,"column":71},"end":{"line":81,"column":100}},{"start":{"line":81,"column":100},"end":{"line":81,"column":113}}],"line":81},"7":{"loc":{"start":{"line":96,"column":28},"end":{"line":101,"column":null}},"type":"if","locations":[{"start":{"line":96,"column":28},"end":{"line":101,"column":null}},{"start":{},"end":{}}],"line":96},"8":{"loc":{"start":{"line":98,"column":32},"end":{"line":100,"column":null}},"type":"if","locations":[{"start":{"line":98,"column":32},"end":{"line":100,"column":null}},{"start":{},"end":{}}],"line":98},"9":{"loc":{"start":{"line":98,"column":36},"end":{"line":98,"column":80}},"type":"binary-expr","locations":[{"start":{"line":98,"column":36},"end":{"line":98,"column":65}},{"start":{"line":98,"column":65},"end":{"line":98,"column":80}}],"line":98},"10":{"loc":{"start":{"line":99,"column":58},"end":{"line":99,"column":null}},"type":"binary-expr","locations":[{"start":{"line":99,"column":58},"end":{"line":99,"column":84}},{"start":{"line":99,"column":84},"end":{"line":99,"column":null}}],"line":99},"11":{"loc":{"start":{"line":119,"column":8},"end":{"line":119,"column":null}},"type":"if","locations":[{"start":{"line":119,"column":8},"end":{"line":119,"column":null}},{"start":{},"end":{}}],"line":119},"12":{"loc":{"start":{"line":124,"column":8},"end":{"line":135,"column":null}},"type":"if","locations":[{"start":{"line":124,"column":8},"end":{"line":135,"column":null}},{"start":{"line":126,"column":15},"end":{"line":135,"column":null}}],"line":124},"13":{"loc":{"start":{"line":126,"column":15},"end":{"line":135,"column":null}},"type":"if","locations":[{"start":{"line":126,"column":15},"end":{"line":135,"column":null}},{"start":{"line":133,"column":15},"end":{"line":135,"column":null}}],"line":126},"14":{"loc":{"start":{"line":127,"column":59},"end":{"line":127,"column":102}},"type":"binary-expr","locations":[{"start":{"line":127,"column":59},"end":{"line":127,"column":88}},{"start":{"line":127,"column":88},"end":{"line":127,"column":102}}],"line":127},"15":{"loc":{"start":{"line":128,"column":12},"end":{"line":132,"column":null}},"type":"if","locations":[{"start":{"line":128,"column":12},"end":{"line":132,"column":null}},{"start":{"line":130,"column":19},"end":{"line":132,"column":null}}],"line":128},"16":{"loc":{"start":{"line":141,"column":23},"end":{"line":142,"column":null}},"type":"cond-expr","locations":[{"start":{"line":142,"column":10},"end":{"line":142,"column":104}},{"start":{"line":142,"column":104},"end":{"line":142,"column":null}}],"line":141},"17":{"loc":{"start":{"line":165,"column":71},"end":{"line":165,"column":99}},"type":"cond-expr","locations":[{"start":{"line":165,"column":82},"end":{"line":165,"column":93}},{"start":{"line":165,"column":93},"end":{"line":165,"column":99}}],"line":165},"18":{"loc":{"start":{"line":168,"column":62},"end":{"line":168,"column":98}},"type":"cond-expr","locations":[{"start":{"line":168,"column":75},"end":{"line":168,"column":87}},{"start":{"line":168,"column":87},"end":{"line":168,"column":98}}],"line":168},"19":{"loc":{"start":{"line":175,"column":17},"end":{"line":175,"column":null}},"type":"cond-expr","locations":[{"start":{"line":175,"column":60},"end":{"line":175,"column":78}},{"start":{"line":175,"column":78},"end":{"line":175,"column":null}}],"line":175},"20":{"loc":{"start":{"line":178,"column":13},"end":{"line":214,"column":null}},"type":"cond-expr","locations":[{"start":{"line":179,"column":16},"end":{"line":180,"column":32}},{"start":{"line":180,"column":16},"end":{"line":214,"column":null}}],"line":178},"21":{"loc":{"start":{"line":180,"column":16},"end":{"line":214,"column":null}},"type":"cond-expr","locations":[{"start":{"line":181,"column":16},"end":{"line":214,"column":17}},{"start":{"line":214,"column":16},"end":{"line":214,"column":null}}],"line":180},"22":{"loc":{"start":{"line":183,"column":44},"end":{"line":183,"column":78}},"type":"binary-expr","locations":[{"start":{"line":183,"column":44},"end":{"line":183,"column":59}},{"start":{"line":183,"column":59},"end":{"line":183,"column":74}},{"start":{"line":183,"column":74},"end":{"line":183,"column":78}}],"line":183},"23":{"loc":{"start":{"line":184,"column":45},"end":{"line":184,"column":null}},"type":"binary-expr","locations":[{"start":{"line":184,"column":45},"end":{"line":184,"column":76}},{"start":{"line":184,"column":76},"end":{"line":184,"column":107}},{"start":{"line":184,"column":107},"end":{"line":184,"column":null}}],"line":184},"24":{"loc":{"start":{"line":191,"column":36},"end":{"line":195,"column":null}},"type":"if","locations":[{"start":{"line":191,"column":36},"end":{"line":195,"column":null}},{"start":{"line":193,"column":43},"end":{"line":195,"column":null}}],"line":191},"25":{"loc":{"start":{"line":201,"column":74},"end":{"line":201,"column":102}},"type":"binary-expr","locations":[{"start":{"line":201,"column":74},"end":{"line":201,"column":89}},{"start":{"line":201,"column":89},"end":{"line":201,"column":102}}],"line":201},"26":{"loc":{"start":{"line":201,"column":120},"end":{"line":201,"column":152}},"type":"binary-expr","locations":[{"start":{"line":201,"column":120},"end":{"line":201,"column":135}},{"start":{"line":201,"column":135},"end":{"line":201,"column":152}}],"line":201},"27":{"loc":{"start":{"line":203,"column":69},"end":{"line":203,"column":97}},"type":"binary-expr","locations":[{"start":{"line":203,"column":69},"end":{"line":203,"column":95}},{"start":{"line":203,"column":95},"end":{"line":203,"column":97}}],"line":203},"28":{"loc":{"start":{"line":206,"column":41},"end":{"line":206,"column":null}},"type":"cond-expr","locations":[{"start":{"line":206,"column":56},"end":{"line":206,"column":81}},{"start":{"line":206,"column":81},"end":{"line":206,"column":null}}],"line":206},"29":{"loc":{"start":{"line":239,"column":37},"end":{"line":240,"column":37}},"type":"binary-expr","locations":[{"start":{"line":239,"column":37},"end":{"line":239,"column":57}},{"start":{"line":239,"column":57},"end":{"line":240,"column":37}}],"line":239},"30":{"loc":{"start":{"line":240,"column":72},"end":{"line":240,"column":105}},"type":"cond-expr","locations":[{"start":{"line":240,"column":91},"end":{"line":240,"column":102}},{"start":{"line":240,"column":102},"end":{"line":240,"column":105}}],"line":240},"31":{"loc":{"start":{"line":240,"column":108},"end":{"line":240,"column":165}},"type":"cond-expr","locations":[{"start":{"line":240,"column":145},"end":{"line":240,"column":159}},{"start":{"line":240,"column":159},"end":{"line":240,"column":165}}],"line":240},"32":{"loc":{"start":{"line":240,"column":108},"end":{"line":240,"column":145}},"type":"binary-expr","locations":[{"start":{"line":240,"column":108},"end":{"line":240,"column":124}},{"start":{"line":240,"column":124},"end":{"line":240,"column":145}}],"line":240},"33":{"loc":{"start":{"line":240,"column":207},"end":{"line":240,"column":249}},"type":"cond-expr","locations":[{"start":{"line":240,"column":244},"end":{"line":240,"column":248}},{"start":{"line":240,"column":248},"end":{"line":240,"column":249}}],"line":240},"34":{"loc":{"start":{"line":240,"column":207},"end":{"line":240,"column":244}},"type":"binary-expr","locations":[{"start":{"line":240,"column":207},"end":{"line":240,"column":223}},{"start":{"line":240,"column":223},"end":{"line":240,"column":244}}],"line":240}},"s":{"0":1,"1":84,"2":84,"3":84,"4":84,"5":1,"6":18,"7":18,"8":18,"9":18,"10":18,"11":18,"12":18,"13":18,"14":18,"15":18,"16":6,"17":6,"18":6,"19":6,"20":6,"21":6,"22":6,"23":6,"24":6,"25":42,"26":42,"27":42,"28":6,"29":18,"30":6,"31":6,"32":6,"33":6,"34":6,"35":0,"36":6,"37":6,"38":6,"39":6,"40":6,"41":6,"42":6,"43":6,"44":6,"45":6,"46":6,"47":6,"48":6,"49":6,"50":6,"51":6,"52":6,"53":6,"54":6,"55":7,"56":6,"57":6,"58":6,"59":2,"60":6,"61":0,"62":6,"63":6,"64":6,"65":0,"66":6,"67":6,"68":18,"69":13,"70":7,"71":6,"72":7,"73":6,"74":6,"75":5,"76":1,"77":0,"78":0,"79":0,"80":0,"81":0,"82":1,"83":18,"84":18,"85":18,"86":18,"87":84,"88":18,"89":84,"90":84,"91":83,"92":84,"93":1,"94":5,"95":5,"96":5,"97":2,"98":1,"99":1,"100":84,"101":84},"f":{"0":84,"1":18,"2":6,"3":6,"4":6,"5":6,"6":6,"7":6,"8":6,"9":7,"10":0,"11":6,"12":13,"13":7,"14":0,"15":84,"16":84,"17":83,"18":1,"19":5,"20":2,"21":84},"b":{"0":[0,6],"1":[0,6],"2":[6,0],"3":[6,0],"4":[6,0],"5":[6,6],"6":[6,4],"7":[6,0],"8":[2,4],"9":[6,4],"10":[2,2],"11":[7,6],"12":[5,1],"13":[0,1],"14":[0,0],"15":[0,0],"16":[11,7],"17":[12,72],"18":[12,72],"19":[16,2],"20":[6,12],"21":[5,7],"22":[5,0,0],"23":[5,4,4],"24":[1,1],"25":[5,0],"26":[5,0],"27":[5,4],"28":[1,4],"29":[84,3],"30":[3,81],"31":[9,75],"32":[84,12],"33":[9,75],"34":[84,12]},"meta":{"lastBranch":35,"lastFunction":22,"lastStatement":102,"seen":{"s:9:6:14:Infinity":0,"f:9:6:9:21":0,"s:10:17:10:Infinity":1,"s:11:18:11:Infinity":2,"s:12:16:12:Infinity":3,"s:13:4:13:Infinity":4,"s:16:6:254:Infinity":5,"f:16:6:16:27":1,"s:17:10:17:Infinity":6,"s:18:24:18:Infinity":7,"s:20:28:20:Infinity":8,"s:21:28:21:Infinity":9,"s:22:25:22:Infinity":10,"s:23:20:23:Infinity":11,"s:25:32:25:Infinity":12,"s:26:29:26:Infinity":13,"s:27:23:27:Infinity":14,"s:29:10:49:Infinity":15,"f:29:10:29:38":2,"s:30:20:30:Infinity":16,"s:31:26:31:Infinity":17,"s:32:33:32:Infinity":18,"b:32:51:32:56:32:56:32:Infinity":0,"s:33:22:33:Infinity":19,"s:34:8:34:Infinity":20,"s:36:21:36:Infinity":21,"s:37:28:37:Infinity":22,"s:39:8:47:Infinity":23,"s:39:21:39:24":24,"s:40:22:40:Infinity":25,"s:41:12:41:Infinity":26,"s:42:12:46:Infinity":27,"s:48:8:48:Infinity":28,"s:51:4:116:Infinity":29,"f:51:4:51:20":3,"s:52:28:111:Infinity":30,"f:52:28:52:40":4,"s:53:12:53:Infinity":31,"s:54:12:110:Infinity":32,"s:55:30:55:Infinity":33,"b:56:16:56:Infinity:undefined:undefined:undefined:undefined":1,"s:56:16:56:Infinity":34,"s:56:28:56:Infinity":35,"s:58:22:58:Infinity":36,"s:59:33:59:Infinity":37,"b:61:16:105:Infinity:undefined:undefined:undefined:undefined":2,"s:61:16:105:Infinity":38,"s:62:37:62:Infinity":39,"b:64:20:104:Infinity:undefined:undefined:undefined:undefined":3,"s:64:20:104:Infinity":40,"s:65:48:68:Infinity":41,"f:65:62:65:66":5,"s:65:72:68:26":42,"b:67:60:67:99:67:99:67:Infinity":4,"s:69:24:69:Infinity":43,"s:71:52:71:Infinity":44,"s:72:24:72:Infinity":45,"s:74:41:74:Infinity":46,"s:75:43:75:Infinity":47,"s:77:46:77:Infinity":48,"f:77:62:77:69":6,"s:77:74:77:132":49,"b:77:74:77:104:77:104:77:132":5,"s:79:24:82:Infinity":50,"f:81:59:81:66":7,"s:81:71:81:113":51,"b:81:71:81:100:81:100:81:113":6,"s:84:42:92:Infinity":52,"s:94:24:102:Infinity":53,"f:94:38:94:46":8,"s:95:47:95:Infinity":54,"f:95:57:95:62":9,"s:95:67:95:91":55,"b:96:28:101:Infinity:undefined:undefined:undefined:undefined":7,"s:96:28:101:Infinity":56,"s:97:32:97:Infinity":57,"b:98:32:100:Infinity:undefined:undefined:undefined:undefined":8,"s:98:32:100:Infinity":58,"b:98:36:98:65:98:65:98:80":9,"s:99:36:99:Infinity":59,"b:99:58:99:84:99:84:99:Infinity":10,"s:103:24:103:Infinity":60,"s:107:16:107:Infinity":61,"s:109:16:109:Infinity":62,"s:113:8:113:Infinity":63,"s:114:22:114:Infinity":64,"f:114:22:114:40":10,"s:114:40:114:68":65,"s:115:8:115:Infinity":66,"f:115:8:115:21":11,"s:115:21:115:Infinity":67,"s:118:4:136:Infinity":68,"f:118:4:118:20":12,"b:119:8:119:Infinity:undefined:undefined:undefined:undefined":11,"s:119:8:119:Infinity":69,"s:119:42:119:Infinity":70,"s:121:33:121:Infinity":71,"f:121:49:121:56":13,"s:121:61:121:92":72,"s:122:23:122:Infinity":73,"b:124:8:135:Infinity:126:15:135:Infinity":12,"s:124:8:135:Infinity":74,"s:125:12:125:Infinity":75,"b:126:15:135:Infinity:133:15:135:Infinity":13,"s:126:15:135:Infinity":76,"s:127:31:127:Infinity":77,"f:127:47:127:54":14,"s:127:59:127:102":78,"b:127:59:127:88:127:88:127:102":14,"b:128:12:132:Infinity:130:19:132:Infinity":15,"s:128:12:132:Infinity":79,"s:129:16:129:Infinity":80,"s:131:16:131:Infinity":81,"s:134:12:134:Infinity":82,"s:138:26:138:Infinity":83,"s:139:26:139:Infinity":84,"s:141:23:142:Infinity":85,"b:142:10:142:104:142:104:142:Infinity":16,"s:143:23:143:Infinity":86,"f:143:52:143:56":15,"s:143:61:143:70":87,"s:145:4:252:Infinity":88,"f:161:28:161:33":16,"s:162:37:162:Infinity":89,"s:163:39:163:Infinity":90,"f:163:55:163:60":17,"s:163:65:163:95":91,"s:164:20:169:Infinity":92,"b:165:82:165:93:165:93:165:99":17,"f:165:99:165:114":18,"s:165:114:165:Infinity":93,"b:168:75:168:87:168:87:168:98":18,"b:175:60:175:78:175:78:175:Infinity":19,"b:179:16:180:32:180:16:214:Infinity":20,"b:181:16:214:17:214:16:214:Infinity":21,"f:182:37:182:42":19,"s:183:30:183:Infinity":94,"b:183:44:183:59:183:59:183:74:183:74:183:78":22,"s:184:45:184:Infinity":95,"b:184:45:184:76:184:76:184:107:184:107:184:Infinity":23,"s:186:24:209:Infinity":96,"f:190:32:190:47":20,"b:191:36:195:Infinity:193:43:195:Infinity":24,"s:191:36:195:Infinity":97,"s:192:40:192:Infinity":98,"s:194:40:194:Infinity":99,"b:201:74:201:89:201:89:201:102":25,"b:201:120:201:135:201:135:201:152":26,"b:203:69:203:95:203:95:203:97":27,"b:206:56:206:81:206:81:206:Infinity":28,"f:234:38:234:43":21,"s:235:45:235:Infinity":100,"s:236:24:243:Infinity":101,"b:239:37:239:57:239:57:240:37":29,"b:240:91:240:102:240:102:240:105":30,"b:240:145:240:159:240:159:240:165":31,"b:240:108:240:124:240:124:240:145":32,"b:240:244:240:248:240:248:240:249":33,"b:240:207:240:223:240:223:240:244":34},"fnNames":{}}}
,"C:\\Users\\menXX\\OneDrive\\Escritorio\\ProyectoWorkoutCece\\workoutceceapp-coach-web\\src\\pages\\Dashboard.jsx": {"path":"C:\\Users\\menXX\\OneDrive\\Escritorio\\ProyectoWorkoutCece\\workoutceceapp-coach-web\\src\\pages\\Dashboard.jsx","statementMap":{"0":{"start":{"line":6,"column":6},"end":{"line":78,"column":null}},"1":{"start":{"line":7,"column":10},"end":{"line":7,"column":null}},"2":{"start":{"line":8,"column":10},"end":{"line":8,"column":null}},"3":{"start":{"line":9,"column":21},"end":{"line":9,"column":null}},"4":{"start":{"line":11,"column":4},"end":{"line":19,"column":null}},"5":{"start":{"line":12,"column":22},"end":{"line":12,"column":null}},"6":{"start":{"line":13,"column":8},"end":{"line":18,"column":null}},"7":{"start":{"line":14,"column":12},"end":{"line":17,"column":null}},"8":{"start":{"line":15,"column":22},"end":{"line":15,"column":null}},"9":{"start":{"line":16,"column":16},"end":{"line":16,"column":null}},"10":{"start":{"line":21,"column":10},"end":{"line":24,"column":null}},"11":{"start":{"line":22,"column":8},"end":{"line":22,"column":null}},"12":{"start":{"line":23,"column":8},"end":{"line":23,"column":null}},"13":{"start":{"line":26,"column":4},"end":{"line":76,"column":null}},"14":{"start":{"line":36,"column":39},"end":{"line":36,"column":null}},"15":{"start":{"line":42,"column":39},"end":{"line":42,"column":null}},"16":{"start":{"line":48,"column":39},"end":{"line":48,"column":null}},"17":{"start":{"line":54,"column":39},"end":{"line":54,"column":null}}},"fnMap":{"0":{"name":"(anonymous_0)","decl":{"start":{"line":6,"column":6},"end":{"line":6,"column":24}},"loc":{"start":{"line":6,"column":24},"end":{"line":78,"column":null}},"line":6},"1":{"name":"(anonymous_1)","decl":{"start":{"line":11,"column":4},"end":{"line":11,"column":20}},"loc":{"start":{"line":11,"column":20},"end":{"line":19,"column":7}},"line":11},"2":{"name":"(anonymous_2)","decl":{"start":{"line":21,"column":10},"end":{"line":21,"column":31}},"loc":{"start":{"line":21,"column":31},"end":{"line":24,"column":null}},"line":21},"3":{"name":"(anonymous_3)","decl":{"start":{"line":36,"column":24},"end":{"line":36,"column":39}},"loc":{"start":{"line":36,"column":39},"end":{"line":36,"column":null}},"line":36},"4":{"name":"(anonymous_4)","decl":{"start":{"line":42,"column":24},"end":{"line":42,"column":39}},"loc":{"start":{"line":42,"column":39},"end":{"line":42,"column":null}},"line":42},"5":{"name":"(anonymous_5)","decl":{"start":{"line":48,"column":24},"end":{"line":48,"column":39}},"loc":{"start":{"line":48,"column":39},"end":{"line":48,"column":null}},"line":48},"6":{"name":"(anonymous_6)","decl":{"start":{"line":54,"column":24},"end":{"line":54,"column":39}},"loc":{"start":{"line":54,"column":39},"end":{"line":54,"column":null}},"line":54}},"branchMap":{"0":{"loc":{"start":{"line":13,"column":8},"end":{"line":18,"column":null}},"type":"if","locations":[{"start":{"line":13,"column":8},"end":{"line":18,"column":null}},{"start":{},"end":{}}],"line":13},"1":{"loc":{"start":{"line":16,"column":59},"end":{"line":16,"column":83}},"type":"binary-expr","locations":[{"start":{"line":16,"column":59},"end":{"line":16,"column":75}},{"start":{"line":16,"column":75},"end":{"line":16,"column":83}}],"line":16},"2":{"loc":{"start":{"line":37,"column":35},"end":{"line":37,"column":null}},"type":"cond-expr","locations":[{"start":{"line":37,"column":72},"end":{"line":37,"column":98}},{"start":{"line":37,"column":98},"end":{"line":37,"column":null}}],"line":37},"3":{"loc":{"start":{"line":43,"column":35},"end":{"line":43,"column":null}},"type":"cond-expr","locations":[{"start":{"line":43,"column":80},"end":{"line":43,"column":106}},{"start":{"line":43,"column":106},"end":{"line":43,"column":null}}],"line":43},"4":{"loc":{"start":{"line":49,"column":35},"end":{"line":49,"column":null}},"type":"cond-expr","locations":[{"start":{"line":49,"column":83},"end":{"line":49,"column":109}},{"start":{"line":49,"column":109},"end":{"line":49,"column":null}}],"line":49},"5":{"loc":{"start":{"line":55,"column":35},"end":{"line":55,"column":null}},"type":"cond-expr","locations":[{"start":{"line":55,"column":80},"end":{"line":55,"column":106}},{"start":{"line":55,"column":106},"end":{"line":55,"column":null}}],"line":55},"6":{"loc":{"start":{"line":69,"column":25},"end":{"line":69,"column":116}},"type":"cond-expr","locations":[{"start":{"line":69,"column":70},"end":{"line":69,"column":93}},{"start":{"line":69,"column":93},"end":{"line":69,"column":116}}],"line":69}},"s":{"0":1,"1":6,"2":6,"3":6,"4":6,"5":4,"6":4,"7":2,"8":2,"9":2,"10":6,"11":1,"12":1,"13":6,"14":0,"15":1,"16":0,"17":1},"f":{"0":6,"1":4,"2":1,"3":0,"4":1,"5":0,"6":1},"b":{"0":[2,2],"1":[2,0],"2":[5,1],"3":[1,5],"4":[0,6],"5":[0,6],"6":[1,5]},"meta":{"lastBranch":7,"lastFunction":7,"lastStatement":18,"seen":{"s:6:6:78:Infinity":0,"f:6:6:6:24":0,"s:7:10:7:Infinity":1,"s:8:10:8:Infinity":2,"s:9:21:9:Infinity":3,"s:11:4:19:Infinity":4,"f:11:4:11:20":1,"s:12:22:12:Infinity":5,"b:13:8:18:Infinity:undefined:undefined:undefined:undefined":0,"s:13:8:18:Infinity":6,"s:14:12:17:Infinity":7,"s:15:22:15:Infinity":8,"s:16:16:16:Infinity":9,"b:16:59:16:75:16:75:16:83":1,"s:21:10:24:Infinity":10,"f:21:10:21:31":2,"s:22:8:22:Infinity":11,"s:23:8:23:Infinity":12,"s:26:4:76:Infinity":13,"f:36:24:36:39":3,"s:36:39:36:Infinity":14,"b:37:72:37:98:37:98:37:Infinity":2,"f:42:24:42:39":4,"s:42:39:42:Infinity":15,"b:43:80:43:106:43:106:43:Infinity":3,"f:48:24:48:39":5,"s:48:39:48:Infinity":16,"b:49:83:49:109:49:109:49:Infinity":4,"f:54:24:54:39":6,"s:54:39:54:Infinity":17,"b:55:80:55:106:55:106:55:Infinity":5,"b:69:70:69:93:69:93:69:116":6},"fnNames":{}}}
,"C:\\Users\\menXX\\OneDrive\\Escritorio\\ProyectoWorkoutCece\\workoutceceapp-coach-web\\src\\pages\\LoginPage.css": {"path":"C:\\Users\\menXX\\OneDrive\\Escritorio\\ProyectoWorkoutCece\\workoutceceapp-coach-web\\src\\pages\\LoginPage.css","statementMap":{},"fnMap":{},"branchMap":{},"s":{},"f":{},"b":{},"meta":{"lastBranch":0,"lastFunction":0,"lastStatement":0,"seen":{},"fnNames":{}}}
,"C:\\Users\\menXX\\OneDrive\\Escritorio\\ProyectoWorkoutCece\\workoutceceapp-coach-web\\src\\pages\\LoginPage.jsx": {"path":"C:\\Users\\menXX\\OneDrive\\Escritorio\\ProyectoWorkoutCece\\workoutceceapp-coach-web\\src\\pages\\LoginPage.jsx","statementMap":{"0":{"start":{"line":8,"column":6},"end":{"line":99,"column":null}},"1":{"start":{"line":9,"column":21},"end":{"line":9,"column":null}},"2":{"start":{"line":10,"column":21},"end":{"line":10,"column":null}},"3":{"start":{"line":11,"column":18},"end":{"line":11,"column":null}},"4":{"start":{"line":12,"column":22},"end":{"line":12,"column":null}},"5":{"start":{"line":14,"column":10},"end":{"line":14,"column":null}},"6":{"start":{"line":16,"column":24},"end":{"line":48,"column":null}},"7":{"start":{"line":17,"column":8},"end":{"line":17,"column":null}},"8":{"start":{"line":18,"column":8},"end":{"line":18,"column":null}},"9":{"start":{"line":19,"column":8},"end":{"line":19,"column":null}},"10":{"start":{"line":21,"column":8},"end":{"line":47,"column":null}},"11":{"start":{"line":22,"column":29},"end":{"line":25,"column":null}},"12":{"start":{"line":26,"column":26},"end":{"line":26,"column":null}},"13":{"start":{"line":28,"column":12},"end":{"line":28,"column":null}},"14":{"start":{"line":29,"column":18},"end":{"line":29,"column":null}},"15":{"start":{"line":31,"column":12},"end":{"line":38,"column":null}},"16":{"start":{"line":32,"column":16},"end":{"line":32,"column":null}},"17":{"start":{"line":33,"column":19},"end":{"line":38,"column":null}},"18":{"start":{"line":34,"column":16},"end":{"line":34,"column":null}},"19":{"start":{"line":36,"column":16},"end":{"line":36,"column":null}},"20":{"start":{"line":37,"column":16},"end":{"line":37,"column":null}},"21":{"start":{"line":40,"column":12},"end":{"line":44,"column":null}},"22":{"start":{"line":41,"column":16},"end":{"line":41,"column":null}},"23":{"start":{"line":43,"column":16},"end":{"line":43,"column":null}},"24":{"start":{"line":46,"column":12},"end":{"line":46,"column":null}},"25":{"start":{"line":50,"column":4},"end":{"line":97,"column":null}},"26":{"start":{"line":70,"column":45},"end":{"line":70,"column":null}},"27":{"start":{"line":82,"column":45},"end":{"line":82,"column":null}}},"fnMap":{"0":{"name":"(anonymous_0)","decl":{"start":{"line":8,"column":6},"end":{"line":8,"column":24}},"loc":{"start":{"line":8,"column":24},"end":{"line":99,"column":null}},"line":8},"1":{"name":"(anonymous_1)","decl":{"start":{"line":16,"column":24},"end":{"line":16,"column":31}},"loc":{"start":{"line":16,"column":37},"end":{"line":48,"column":null}},"line":16},"2":{"name":"(anonymous_2)","decl":{"start":{"line":70,"column":28},"end":{"line":70,"column":39}},"loc":{"start":{"line":70,"column":45},"end":{"line":70,"column":null}},"line":70},"3":{"name":"(anonymous_3)","decl":{"start":{"line":82,"column":28},"end":{"line":82,"column":39}},"loc":{"start":{"line":82,"column":45},"end":{"line":82,"column":null}},"line":82}},"branchMap":{"0":{"loc":{"start":{"line":31,"column":12},"end":{"line":38,"column":null}},"type":"if","locations":[{"start":{"line":31,"column":12},"end":{"line":38,"column":null}},{"start":{"line":33,"column":19},"end":{"line":38,"column":null}}],"line":31},"1":{"loc":{"start":{"line":31,"column":16},"end":{"line":31,"column":75}},"type":"binary-expr","locations":[{"start":{"line":31,"column":16},"end":{"line":31,"column":49}},{"start":{"line":31,"column":49},"end":{"line":31,"column":75}}],"line":31},"2":{"loc":{"start":{"line":33,"column":19},"end":{"line":38,"column":null}},"type":"if","locations":[{"start":{"line":33,"column":19},"end":{"line":38,"column":null}},{"start":{"line":35,"column":19},"end":{"line":38,"column":null}}],"line":33},"3":{"loc":{"start":{"line":33,"column":23},"end":{"line":33,"column":84}},"type":"binary-expr","locations":[{"start":{"line":33,"column":23},"end":{"line":33,"column":57}},{"start":{"line":33,"column":57},"end":{"line":33,"column":84}}],"line":33},"4":{"loc":{"start":{"line":40,"column":12},"end":{"line":44,"column":null}},"type":"if","locations":[{"start":{"line":40,"column":12},"end":{"line":44,"column":null}},{"start":{"line":42,"column":19},"end":{"line":44,"column":null}}],"line":40},"5":{"loc":{"start":{"line":40,"column":16},"end":{"line":40,"column":61}},"type":"binary-expr","locations":[{"start":{"line":40,"column":16},"end":{"line":40,"column":32}},{"start":{"line":40,"column":32},"end":{"line":40,"column":61}}],"line":40},"6":{"loc":{"start":{"line":61,"column":17},"end":{"line":61,"column":null}},"type":"binary-expr","locations":[{"start":{"line":61,"column":17},"end":{"line":61,"column":26}},{"start":{"line":61,"column":26},"end":{"line":61,"column":null}}],"line":61},"7":{"loc":{"start":{"line":93,"column":25},"end":{"line":93,"column":null}},"type":"cond-expr","locations":[{"start":{"line":93,"column":37},"end":{"line":93,"column":55}},{"start":{"line":93,"column":55},"end":{"line":93,"column":null}}],"line":93}},"s":{"0":1,"1":11,"2":11,"3":11,"4":11,"5":11,"6":11,"7":2,"8":2,"9":2,"10":2,"11":2,"12":1,"13":1,"14":1,"15":1,"16":1,"17":0,"18":0,"19":0,"20":0,"21":1,"22":1,"23":0,"24":2,"25":11,"26":2,"27":2},"f":{"0":11,"1":2,"2":2,"3":2},"b":{"0":[1,0],"1":[1,0],"2":[0,0],"3":[0,0],"4":[1,0],"5":[1,1],"6":[11,1],"7":[2,9]},"meta":{"lastBranch":8,"lastFunction":4,"lastStatement":28,"seen":{"s:8:6:99:Infinity":0,"f:8:6:8:24":0,"s:9:21:9:Infinity":1,"s:10:21:10:Infinity":2,"s:11:18:11:Infinity":3,"s:12:22:12:Infinity":4,"s:14:10:14:Infinity":5,"s:16:24:48:Infinity":6,"f:16:24:16:31":1,"s:17:8:17:Infinity":7,"s:18:8:18:Infinity":8,"s:19:8:19:Infinity":9,"s:21:8:47:Infinity":10,"s:22:29:25:Infinity":11,"s:26:26:26:Infinity":12,"s:28:12:28:Infinity":13,"s:29:18:29:Infinity":14,"b:31:12:38:Infinity:33:19:38:Infinity":0,"s:31:12:38:Infinity":15,"b:31:16:31:49:31:49:31:75":1,"s:32:16:32:Infinity":16,"b:33:19:38:Infinity:35:19:38:Infinity":2,"s:33:19:38:Infinity":17,"b:33:23:33:57:33:57:33:84":3,"s:34:16:34:Infinity":18,"s:36:16:36:Infinity":19,"s:37:16:37:Infinity":20,"b:40:12:44:Infinity:42:19:44:Infinity":4,"s:40:12:44:Infinity":21,"b:40:16:40:32:40:32:40:61":5,"s:41:16:41:Infinity":22,"s:43:16:43:Infinity":23,"s:46:12:46:Infinity":24,"s:50:4:97:Infinity":25,"b:61:17:61:26:61:26:61:Infinity":6,"f:70:28:70:39":2,"s:70:45:70:Infinity":26,"f:82:28:82:39":3,"s:82:45:82:Infinity":27,"b:93:37:93:55:93:55:93:Infinity":7},"fnNames":{}}}
}
